Sun Oct 31 20:35:25 2021
<INFO> Server starts at port 8888
Sun Oct 31 20:35:25 2021
<INFO> fd=3, resource path=static, thread number=16
Sun Oct 31 20:35:34 2021
<INFO> New conection with fd: 5
Sun Oct 31 20:35:34 2021
<WARNING> Read fd 5 get EOF, closing...
Sun Oct 31 20:35:34 2021
<INFO> Closing connection with fd 5
Sun Oct 31 20:35:35 2021
<INFO> New conection with fd: 5
Sun Oct 31 20:35:35 2021
<INFO> New conection with fd: 6
Sun Oct 31 20:35:35 2021
<INFO> New conection with fd: 7
Sun Oct 31 20:35:35 2021
<INFO> New conection with fd: 8
Sun Oct 31 20:35:35 2021
<INFO> method = GET, uri = /
Sun Oct 31 20:35:35 2021
<INFO> method = GET, uri = /
Sun Oct 31 20:35:35 2021
<INFO> New conection with fd: 9
Sun Oct 31 20:35:35 2021
<INFO> method = GET, uri = /
Sun Oct 31 20:35:35 2021
<INFO> New conection with fd: 10
Sun Oct 31 20:35:35 2021
<INFO> method = GET, uri = /
Sun Oct 31 20:35:35 2021
<INFO> method = GET, uri = /
Sun Oct 31 20:35:35 2021
<INFO> New conection with fd: 11
Sun Oct 31 20:35:35 2021
<INFO> New conection with fd: 12
Sun Oct 31 20:35:35 2021
<INFO> New conection with fd: 13
Sun Oct 31 20:35:35 2021
<INFO> New conection with fd: 13
Sun Oct 31 20:35:35 2021
<INFO> New conection with fd: 13
Sun Oct 31 20:35:35 2021
<INFO> method = GET, uri = /
Sun Oct 31 20:35:35 2021
<INFO> method = GET, uri = /
Sun Oct 31 20:35:35 2021
<INFO> method = GET, uri = /
Sun Oct 31 20:35:35 2021
<INFO> method = GET, uri = /
Sun Oct 31 20:35:35 2021
<INFO> New conection with fd: 17
Sun Oct 31 20:35:35 2021
<INFO> method = GET, uri = /
Sun Oct 31 20:35:35 2021
<INFO> method = GET, uri = /
Sun Oct 31 20:35:35 2021
<INFO> method = GET, uri = /
Sun Oct 31 20:35:35 2021
<INFO> method = GET, uri = /
Sun Oct 31 20:35:35 2021
<INFO> New conection with fd: 19
Sun Oct 31 20:35:35 2021
<INFO> New conection with fd: 20
Sun Oct 31 20:35:35 2021
<INFO> New conection with fd: 20
Sun Oct 31 20:35:35 2021
<INFO> New conection with fd: 20
Sun Oct 31 20:35:35 2021
<INFO> method = GET, uri = /
Sun Oct 31 20:35:35 2021
<INFO> method = GET, uri = /
Sun Oct 31 20:35:35 2021
<INFO> method = GET, uri = /
Sun Oct 31 20:35:35 2021
<INFO> method = GET, uri = /
Sun Oct 31 20:35:35 2021
<INFO> method = GET, uri = /
Sun Oct 31 20:35:35 2021
<INFO> New conection with fd: 23
Sun Oct 31 20:35:35 2021
<INFO> New conection with fd: 24
Sun Oct 31 20:35:35 2021
<INFO> New conection with fd: 25
Sun Oct 31 20:35:35 2021
<INFO> New conection with fd: 26
Sun Oct 31 20:35:35 2021
<INFO> New conection with fd: 27
Sun Oct 31 20:35:35 2021
<INFO> New conection with fd: 28
Sun Oct 31 20:35:35 2021
<INFO> New conection with fd: 29
Sun Oct 31 20:35:35 2021
<INFO> New conection with fd: 30
Sun Oct 31 20:35:35 2021
<INFO> New conection with fd: 31
Sun Oct 31 20:35:35 2021
<INFO> New conection with fd: 32
Sun Oct 31 20:35:35 2021
<INFO> New conection with fd: 33
Sun Oct 31 20:35:35 2021
<INFO> New conection with fd: 34
Sun Oct 31 20:35:35 2021
<INFO> New conection with fd: 36
Sun Oct 31 20:35:35 2021
<INFO> New conection with fd: 37
Sun Oct 31 20:35:35 2021
<INFO> New conection with fd: 38
Sun Oct 31 20:35:35 2021
<INFO> New conection with fd: 39
Sun Oct 31 20:35:35 2021
<INFO> New conection with fd: 40
Sun Oct 31 20:35:35 2021
<INFO> New conection with fd: 41
Sun Oct 31 20:35:35 2021
<INFO> New conection with fd: 42
Sun Oct 31 20:35:35 2021
<INFO> New conection with fd: 43
Sun Oct 31 20:35:35 2021
<INFO> New conection with fd: 44
Sun Oct 31 20:35:35 2021
<INFO> New conection with fd: 45
Sun Oct 31 20:35:35 2021
<INFO> New conection with fd: 46
Sun Oct 31 20:35:35 2021
<INFO> New conection with fd: 47
Sun Oct 31 20:35:35 2021
<INFO> New conection with fd: 48
Sun Oct 31 20:35:35 2021
<INFO> New conection with fd: 49
Sun Oct 31 20:35:35 2021
<INFO> New conection with fd: 50
Sun Oct 31 20:35:35 2021
<INFO> New conection with fd: 51
Sun Oct 31 20:35:35 2021
<INFO> New conection with fd: 52
Sun Oct 31 20:35:35 2021
<INFO> New conection with fd: 53
Sun Oct 31 20:35:35 2021
<INFO> New conection with fd: 54
Sun Oct 31 20:35:35 2021
<INFO> New conection with fd: 55
Sun Oct 31 20:35:35 2021
<INFO> New conection with fd: 56
Sun Oct 31 20:35:35 2021
<INFO> New conection with fd: 57
Sun Oct 31 20:35:35 2021
<INFO> New conection with fd: 58
Sun Oct 31 20:35:35 2021
<INFO> New conection with fd: 59
Sun Oct 31 20:35:35 2021
<INFO> New conection with fd: 60
Sun Oct 31 20:35:35 2021
<INFO> New conection with fd: 61
Sun Oct 31 20:35:35 2021
<INFO> New conection with fd: 62
Sun Oct 31 20:35:35 2021
<INFO> New conection with fd: 63
Sun Oct 31 20:35:35 2021
<INFO> Response 200: OK
Sun Oct 31 20:35:35 2021
<INFO> Response 200: OK
Sun Oct 31 20:35:35 2021
<INFO> Closing connection with fd 12
Sun Oct 31 20:35:35 2021
<INFO> Closing connection with fd 12
Sun Oct 31 20:35:35 2021
<INFO> Response 200: OK
Sun Oct 31 20:35:35 2021
<INFO> Closing connection with fd 8
Sun Oct 31 20:35:35 2021
<INFO> Closing connection with fd 8
Sun Oct 31 20:35:35 2021
<INFO> Closing connection with fd 6
Sun Oct 31 20:35:35 2021
<INFO> Closing connection with fd 6
Sun Oct 31 20:35:35 2021
<INFO> Closing connection with fd 9
Sun Oct 31 20:35:35 2021
<INFO> Response 200: OK
Sun Oct 31 20:35:35 2021
<INFO> Response 200: OK
Sun Oct 31 20:35:35 2021
<INFO> Response 200: OK
Sun Oct 31 20:35:35 2021
<INFO> Response 200: OK
Sun Oct 31 20:35:35 2021
<INFO> Closing connection with fd 7
Sun Oct 31 20:35:35 2021
<INFO> Closing connection with fd 22
Sun Oct 31 20:35:35 2021
<INFO> Closing connection with fd 22
Sun Oct 31 20:35:35 2021
<INFO> Closing connection with fd 22
Sun Oct 31 20:35:35 2021
<INFO> Closing connection with fd 7
Sun Oct 31 20:35:35 2021
<INFO> method = GET, uri = /
Sun Oct 31 20:35:35 2021
<INFO> method = GET, uri = /
Sun Oct 31 20:35:35 2021
<INFO> Response 200: OK
Sun Oct 31 20:35:35 2021
<INFO> Response 200: OK
Sun Oct 31 20:35:35 2021
<INFO> Closing connection with fd 25
Sun Oct 31 20:35:35 2021
<INFO> Response 200: OK
Sun Oct 31 20:35:35 2021
<INFO> Closing connection with fd 28
Sun Oct 31 20:35:35 2021
<INFO> method = GET, uri = /
Sun Oct 31 20:35:35 2021
<INFO> method = 200: OK
Sun Oct 31 20:35:35 2021
<INFO> method = GET, uri = /
Sun Oct 31 20:35:35 2021
<INFO> Closing connection with fd 21
Sun Oct 31 20:35:35 2021
<INFO> method = GET, uri = /
Sun Oct 31 20:35:35 2021
<INFO> Response 200: OK
Sun Oct 31 20:35:35 2021
<INFO> Response 200: OK
Sun Oct 31 20:35:35 2021
<INFO> Response 200: OK
Sun Oct 31 20:35:35 2021
<INFO> Closing connection with fd 29
Sun Oct 31 20:35:35 2021
<INFO> Response 200: OK
Sun Oct 31 20:35:35 2021
<INFO> Response 200: OK
Sun Oct 31 20:35:35 2021
<INFO> method = GET, uri = /
Sun Oct 31 20:35:35 2021
<INFO> Response 200: OK
Sun Oct 31 20:35:35 2021
<INFO> Response 200: OK
Sun Oct 31 20:35:35 2021
<INFO> Closing connection with fd 20
Sun Oct 31 20:35:35 2021
<INFO> Closing connection with fd 20
Sun Oct 31 20:35:35 2021
<INFO> Closing connection with fd 16
Sun Oct 31 20:35:35 2021
<INFO> Closing connection with fd 19
Sun Oct 31 20:35:35 2021
<INFO> Closing connection with fd 11
Sun Oct 31 20:35:35 2021
<INFO> Closing connection with fd 11
Sun Oct 31 20:35:35 2021
<INFO> Closing connection with fd 14
Sun Oct 31 20:35:35 2021
<INFO> Closing connection with fd 14
Sun Oct 31 20:35:35 2021
<INFO> Closing connection with fd 20
Sun Oct 31 20:35:35 2021
<INFO> Closing connection with fd 11
Sun Oct 31 20:35:35 2021
<INFO> Closing connection with fd 11
Sun Oct 31 20:35:35 2021
<INFO> Closing connection with fd 18
Sun Oct 31 20:35:35 2021
<INFO> Response 200: OK
Sun Oct 31 20:35:35 2021
<INFO> method = GET, uri = /
Sun Oct 31 20:35:35 2021
<INFO> Closing connection with fd 27
Sun Oct 31 20:35:35 2021
<INFO> Closing connection with fd 14
Sun Oct 31 20:35:35 2021
<INFO> Response 200: OK
Sun Oct 31 20:35:35 2021
<INFO> Closing connection with fd 10
Sun Oct 31 20:35:35 2021
<INFO> Closing connection with fd 10
Sun Oct 31 20:35:35 2021
<INFO> method = GET, uri = /
Sun Oct 31 20:35:35 2021
<INFO> Closing connection with fd 16
Sun Oct 31 20:35:35 2021
<INFO> method = GET, uri = /
Sun Oct 31 20:35:35 2021
<INFO> Closing connection with fd 10
Sun Oct 31 20:35:35 2021
<INFO> Closing connection with fd 13
Sun Oct 31 20:35:35 2021
<INFO> method = GET, uri = /
Sun Oct 31 20:35:35 2021
<INFO> method = GET, uri = /
Sun Oct 31 20:35:35 2021
<INFO> Closing connection with fd 26
Sun Oct 31 20:35:35 2021
<INFO> method = GET, uri = /
Sun Oct 31 20:35:35 2021
<INFO> method = GET, uri = /
Sun Oct 31 20:35:35 2021
<INFO> method = GET, uri = /
Sun Oct 31 20:35:35 2021
<INFO> Closing connection with fd 24
Sun Oct 31 20:35:35 2021
<INFO> Response 200: OK
Sun Oct 31 20:35:35 2021
<INFO> Closing connection with fd 36
Sun Oct 31 20:35:35 2021
<INFO> Closing connection with fd 36
Sun Oct 31 20:35:35 2021
<INFO> Closing connection with fd 45
Sun Oct 31 20:35:35 2021
<INFO> Closing connection with fd 45
Sun Oct 31 20:35:35 2021
<INFO> Response 200: OK
Sun Oct 31 20:35:35 2021
<INFO> Response 200: OK
Sun Oct 31 20:35:35 2021
<INFO> Closing connection with fd 23
Sun Oct 31 20:35:35 2021
<INFO> Response 200: OK
Sun Oct 31 20:35:35 2021
<INFO> Closing connection with fd 47
Sun Oct 31 20:35:35 2021
<INFO> method = GET, uri = /
Sun Oct 31 20:35:35 2021
<INFO> Closing connection with fd 23
Sun Oct 31 20:35:35 2021
<INFO> Response 200: OK
Sun Oct 31 20:35:35 2021
<INFO> Closing connection with fd 45
Sun Oct 31 20:35:35 2021
<INFO> Closing connection with fd 46
Sun Oct 31 20:35:35 2021
<INFO> Closing connection with fd 33
Sun Oct 31 20:35:35 2021
<INFO> Closing connection with fd 33
Sun Oct 31 20:35:35 2021
<INFO> Response 200: OK
Sun Oct 31 20:35:35 2021
<INFO> Closing connection with fd 32
Sun Oct 31 20:35:35 2021
<INFO> Response 200: OK
Sun Oct 31 20:35:35 2021
<INFO> method = GETection with fd 40
Sun Oct 31 20:35:35 2021
<INFO> method = GET, uri = /
Sun Oct 31 20:35:35 2021
<INFO> method = GET, uri = /
Sun Oct 31 20:35:35 2021
<INFO> method = GET, uri = /
Sun Oct 31 20:35:35 2021
<INFO> method = GET, uri = /
Sun Oct 31 20:35:35 2021
<INFO> method = GET, uri = /
Sun Oct 31 20:35:35 2021
<INFO> method = GET, uri = /
Sun Oct 31 20:35:35 2021
<INFO> method = GET, uri = /
Sun Oct 31 20:35:35 2021
<INFO> Closing connection with fd 39
Sun Oct 31 20:35:35 2021
<INFO> Closing connection with fd 39
Sun Oct 31 20:35:35 2021
<INFO> Closing connection with fd 37
Sun Oct 31 20:35:35 2021
<INFO> Response 200: OK
Sun Oct 31 20:35:35 2021
<INFO> Response 200: OK
Sun Oct 31 20:35:35 2021
<INFO> Response 200: OK
Sun Oct 31 20:35:35 2021
<INFO> Response 200: OK
Sun Oct 31 20:35:35 2021
<INFO> Closing connection with fd 44
Sun Oct 31 20:35:35 2021
<INFO> Response 200: OK
Sun Oct 31 20:35:35 2021
<INFO> Closing connection with fd 41
Sun Oct 31 20:35:35 2021
<INFO> Closing connection with fd 41
Sun Oct 31 20:35:35 2021
<INFO> Closing connection with fd 53
Sun Oct 31 20:35:35 2021
<INFO> Closing connection with fd 55
Sun Oct 31 20:35:35 2021
<INFO> Response 200: OK
Sun Oct 31 20:35:35 2021
<INFO> method = GET, uri = /
Sun Oct 31 20:35:35 2021
<INFO> Closing connection with fd 54
Sun Oct 31 20:35:35 2021
<INFO> Response 200: OK
Sun Oct 31 20:35:35 2021
<INFO> Response 200: OK
Sun Oct 31 20:35:35 2021
<INFO> Closing connection with fd 51
Sun Oct 31 20:35:35 2021
<INFO> method = GET, uri = /
Sun Oct 31 20:35:35 2021
<INFO> Rethod = 200: OK
<INFO> Response 200: OK
Sun Oct 31 20:35:35 2021
<INFO> Response 200: OK
Sun Oct 31 20:35:35 2021
<INFO> method = GET, uri = /
Sun Oct 31 20:35:35 2021
<INFO> Closing connection with fd 54
Sun Oct 31 20:35:35 2021
<INFO> method = GET, uri = /
Sun Oct 31 20:35:35 2021
<INFO> Response 200: OK
Sun Oct 31 20:35:35 2021
<INFO> Response 200: OK
Sun Oct 31 20:35:35 2021
<INFO> method = GET, uri = /
Sun Oct 31 20:35:35 2021
<INFO> method = GET, uri = /
Sun Oct 31 20:35:35 2021
<INFO> method = GET, uri = /
Sun Oct 31 20:35:35 2021
<INFO> Response 200: OK
Sun Oct 31 20:35:35 2021
<INFO> method = GET, uri = /
Sun Oct 31 20:35:35 2021
<INFO> Response 200: OK
Sun Oct 31 20:35:35 2021
<INFO> Closing connection with fd 50
Sun Oct 31 20:35:35 2021
<INFO> Closing connection with fd 58
Sun Oct 31 20:35:35 2021
<INFO> Response 200: OK
Sun Oct 31 20:35:35 2021
<INFO> Response 200ection with fd 51
Sun Oct 31 20:35:35 2021
<INFO> Closing connection with fd 57
Sun Oct 31 20:35:35 2021
<INFO> Response 200: OK
Sun Oct 31 20:35:35 2021
<INFO> Response 200: OK
Sun Oct 31 20:35:35 2021
<INFO> Response 200: OK
Sun Oct 31 20:35:35 2021
<INFO> Closing connection with fd 38
Sun Oct 31 20:35:35 2021
<INFO> Closing connection with fd 53
Sun Oct 31 20:35:35 2021
<INFO> Response 200: OK
Sun Oct 31 20:35:35 2021
<INFO> Response 200: OK
Sun Oct 31 20:35:35 2021
<INFO> Closing connection with fd 62
Sun Oct 31 20:35:35 2021
<INFO> Response 200: OK
Sun Oct 31 20:35:35 2021
<INFO> Closing connection with fd 38
Sun Oct 31 20:35:35 2021
<INFO> Closing connection with fd 43
Sun Oct 31 20:35:35 2021
<INFO> Closing connection with fd 57
Sun Oct 31 20:35:35 2021
<INFO> Closing connection with fd 56
Sun Oct 31 20:35:35 2021
<INFO> Closing connection with fd 57
Sun Oct 31 20:35:35 2021
<INFO> Response 200: OK
Sun Oct 31 20:35:35 2021
<INFO> Response 200: OK
Sun Oct 31 20:35:35 2021
<INFO> Response 200: OK
Sun Oct 31 20:35:35 2021
<INFO> Closing connection with fd 63
Sun Oct 31 20:35:35 2021
<INFO> Response 200: OK
Sun Oct 31 20:35:35 2021
<INFO> Closing connection with fd 61
Sun Oct 31 20:35:35 2021
<INFO> New conection with fd: 5
Sun Oct 31 20:35:35 2021
<INFO> New conection with fd: 6
Sun Oct 31 20:35:35 2021
<INFO> New conection with fd: 7
Sun Oct 31 20:35:35 2021
<INFO> method = GET, uri = /
Sun Oct 31 20:35:35 2021
<INFO> method = GET, uri = /
Sun Oct 31 20:35:35 2021
<INFO> method = GET, uri = /
Sun Oct 31 20:35:35 2021
<INFO> Response 200: OK
Sun Oct 31 20:35:35 2021
<INFO> Response 200: OK
Sun Oct 31 20:35:35 2021
<INFO> Response 200: OK
Sun Oct 31 20:35:35 2021
<INFO> Response 200: OK
Sun Oct 31 20:35:35 2021
<INFO> Closing connection with fd 5
Sun Oct 31 20:35:35 2021
<INFO> Closing connection with fd 6
Sun Oct 31 20:35:35 2021
<INFO> method = GET, uri = /
Sun Oct 31 20:35:35 2021
<INFO> Closing connection with fd 6
Sun Oct 31 20:35:35 2021
<INFO> Closing connection with fd 7
Sun Oct 31 20:35:35 2021
<INFO> Closing connection with fd 7
Sun Oct 31 20:35:35 2021
<INFO> New conection with fd: 6
Sun Oct 31 20:35:35 2021
<INFO> Response 200: OK
Sun Oct 31 20:35:35 2021
<INFO> method = GET, uri = /
Sun Oct 31 20:35:35 2021
<INFO> method = GET, uri = /
Sun Oct 31 20:35:35 2021
<INFO> method = GET, uri = /
Sun Oct 31 20:35:35 2021
<INFO> method = GET, uri = /
Sun Oct 31 20:35:35 2021
<INFO> method = GET, uri = /
Sun Oct 31 20:35:35 2021
<INFO> Response 200: OK
Sun Oct 31 20:35:35 2021
<INFO> Response 200: OK
Sun Oct 31 20:35:35 2021
<INFO> Response 200: OK
Sun Oct 31 20:35:35 2021
<INFO> Closing connection with fd 9
Sun Oct 31 20:35:35 2021
<INFO> Closing connection with fd 9
Sun Oct 31 20:35:35 2021
<INFO> Closing connection with fd 5
Sun Oct 31 20:35:35 2021
<INFO> New conecGET, uri = /
Sun Oct 31 20:35:35 2021
<INFO> Response 200: OK
Sun Oct 31 20:35:35 2021
<INFO> method = GET, uri = /
Sun Oct 31 20:35:35 2021
<INFO> method = GET, uri = /
Sun Oct 31 20:35:35 2021
<INFO> Closing connection with fd 7
Sun Oct 31 20:35:35 2021
<INFO> Closing connection with fd 7
Sun Oct 31 20:35:35 2021
<INFO> Closing connection with fd 7
Sun Oct 31 20:35:35 2021
<INFO> Response 200: OK
Sun Oct 31 20:35:35 2021
<INFO> Closing connection with fd 8
Sun Oct 31 20:35:35 2021
<INFO> Closing connection with fd 8
Sun Oct 31 20:35:35 2021
<INFO> Closing connection with fd 8
Sun Oct 31 20:35:35 2021
<INFO> method = GET, uri = /
Sun Oct 31 20:35:35 2021
<INFO> Response 200: OK
Sun Oct 31 20:35:35 2021
<INFO> New conection with fd: 7
Sun Oct 31 20:35:35 2021
<INFO> New conection with fd: 9
Sun Oct 31 20:35:35 2021
<INFO> Response 200: OK
Sun Oct 31 20:35:35 2021
<INFO> method = GET, uri = /
Sun Oct 31 20:35:35 2021
<INFO> method = GET, uri = /
Sun Oct 31 20:35:35 2021
<INFO> Closing connection with fd 10
Sun Oct 31 20:35:35 2021
<INFO> method = GET, uri = /
Sun Oct 31 20:35:35 2021
<INFO> method = GET, uri = /
Sun Oct 31 20:35:35 2021
<INFO> Closing connection with fd 6
Sun Oct 31 20:35:35 2021
<INFO> Response 200: OK
Sun Oct 31 20:35:35 2021
<INFO> method = GET, uri = /
Sun Oct 31 20:35:35 2021
<INFO> New conection with fd: 8
Sun Oct 31 20:35:35 2021
<INFO> Closing connection with fd 7
Sun Oct 31 20:35:35 2021
<INFO> New conection with fd: 6
Sun Oct 31 20:35:35 2021
<INFO> method = GET, uri = /
Sun Oct 31 20:35:35 2021
<INFO> method = GET, uri = /
Sun Oct 31 20:35:35 2021
<INFO> New conection with fd: 7
Sun Oct 31 20:35:35 2021
<INFO> Response 200: OK
Sun Oct 31 20:35:35 2021
<INFO> Response 200: OK
Sun Oct 31 20:35:35 2021
<INFO> Response 200: OK
Sun Oct 31 20:35:35 2021
<INFO> Closing connection with fd 8
Sun Oct 31 20:35:35 2021
<INFO> New conectio, uri = /
Sun Oct 31 20:35:35 2021
<INFO> New conectio, uri = /
Sun Oct 31 20:35:35 2021
<INFO> method = GET, uri = /
Sun Oct 31 20:35:35 2021
<INFO> method = GET, uri = /
Sun Oct 31 20:35:35 2021
<INFO> Closing connection with fd 6
Sun Oct 31 20:35:35 2021
<INFO> Closing connection with fd 6
Sun Oct 31 20:35:35 2021
<INFO> method = GET, uri = /
Sun Oct 31 20:35:35 2021
<INFO> Response 200: OK
Sun Oct 31 20:35:35 2021
<INFO> Closing connection with fd 6
Sun Oct 31 20:35:35 2021
<INFO> New conection with fd: 11
Sun Oct 31 20:35:35 2021
<INFO> New conection with fd: 11
Sun Oct 31 20:35:35 2021
<INFO> New conection with fd: 6
Sun Oct 31 20:35:35 2021
<INFO> method = GET, uri = /th fd 9
Sun Oct 31 20:35:35 2021
<INFO> Response 200: OK
Sun Oct 31 20:35:35 2021
<INFO> method = GETn with fd: 12
Sun Oct 31 20:35:35 2021
<INFO> method = GET, uri = /
Sun Oct 31 20:35:35 2021
<INFO> Closing connection with fd 7
Sun Oct 31 20:35:35 2021
<INFO> method = GET, uri = /
Sun Oct 31 20:35:35 2021
<INFO> Closing connection with fd 7
Sun Oct 31 20:35:35 2021
<INFO> method = GET, uri = /
Sun Oct 31 20:35:35 2021
<INFO> method = GET, uri = /
Sun Oct 31 20:35:35 2021
<INFO> method = GET, uri = /
Sun Oct 31 20:35:35 2021
<INFO> Response 200: OK
Sun Oct 31 20:35:35 2021
<INFO> Closing connection with fd 11
Sun Oct 31 20:35:35 2021
<INFO> method = GET, uri = /
Sun Oct 31 20:35:35 2021
<INFO> method = GET, uri = /
Sun Oct 31 20:35:35 2021
<INFO> Response 200: OK
Sun Oct 31 20:35:35 2021
<INFO> Response 200: OK
Sun Oct 31 20:35:35 2021
<INFO> Response 200: OK
Sun Oct 31 20:35:35 2021
<INFO> Closing connection with fd 6
Sun Oct 31 20:35:35 2021
<INFO> New conection with fd: 7
Sun Oct 31 20:35:35 2021
<INFO> Response 200: OK
Sun Oct 31 20:35:35 2021
<INFO> Closing connection with fd 10
Sun Oct 31 20:35:35 2021
<INFO> Response 200: OK
Sun Oct 31 20:35:35 2021
<INFO> Closing connection with fd 10
Sun Oct 31 20:35:35 2021
<INFO> New conection with fd: 5
Sun Oct 31 20:35:35 2021
<INFO> New conection with fd: 5
Sun Oct 31 20:35:35 2021
<INFO> New conection with fd: 5
Sun Oct 31 20:35:35 2021
<INFO> Response 200: OK
Sun Oct 31 20:35:35 2021
<INFO> Closing connection with fd 11
Sun Oct 31 20:35:35 2021
<INFO> New conection with fd: 7
Sun Oct 31 20:35:35 2021
<INFO> method = GET, uri = /
Sun Oct 31 20:35:35 2021
<INFO> Response 200: OK
Sun Oct 31 20:35:35 2021
<INFO> method = GET, uri = /
Sun Oct 31 20:35:35 2021
<INFO> Closing connection with fd 9
Sun Oct 31 20:35:35 2021
<INFO> method = GET, uri = /
Sun Oct 31 20:35:35 2021
<INFO> Response 200: OK
Sun Oct 31 20:35:35 2021
<INFO> Closing connection with fd 5
Sun Oct 31 20:35:35 2021
<INFO> New conection with fd: 8
Sun Oct 31 20:35:35 2021
<INFO> Response 200: OK
Sun Oct 31 20:35:35 2021
<INFO> New conection with fd: 5
Sun Oct 31 20:35:35 2021
<INFO> Closing connection with fd 7
Sun Oct 31 20:35:35 2021
<INFO> method = GET, uri = /
Sun Oct 31 20:35:35 2021
<INFO> method = GET, uri = /
Sun Oct 31 20:35:35 2021
<INFO> method = GET, uri = /
Sun Oct 31 20:35:35 2021
<INFO> method = GET, uri = /
Sun Oct 31 20:35:35 2021
<INFO> Response 200: OK
Sun Oct 31 20:35:35 2021
<INFO> New conection with fd: 7
Sun Oct 31 20:35:35 2021
<INFO> Closing connection with fd 6
Sun Oct 31 20:35:35 2021
<INFO> New conection with fd: 7
Sun Oct 31 20:35:35 2021
<INFO> Closing connection with fd 6
Sun Oct 31 20:35:35 2021
<INFO> Closing connection with fd 9
Sun Oct 31 20:35:35 2021
<INFO> method = GET, uri = /
Sun Oct 31 20:35:35 2021
<INFO> Response 200: OK
Sun Oct 31 20:35:35 2021
<INFO> Response 200: OK
Sun Oct 31 20:35:35 2021
<INFO> Closing connection with fd 5
Sun Oct 31 20:35:35 2021
<INFO> Response 200: OK
Sun Oct 31 20:35:35 2021
<INFO> Closing connection with fd 8
Sun Oct 31 20:35:35 2021
<INFO> Closing connection with fd 7
Sun Oct 31 20:35:35 2021
<INFO> Closing connection with fd 7
Sun Oct 31 20:35:35 2021
<INFO> Closing connection with fd 7
Sun Oct 31 20:35:35 2021
<INFO> method = GET, uri = /
Sun Oct 31 20:35:35 2021
<INFO> Response 200: OK
Sun Oct 31 20:35:35 2021
<INFO> Closing connection with fd 6
Sun Oct 31 20:35:35 2021
<INFO> New conection with fd: 5
Sun Oct 31 20:35:35 2021
<INFO> method = GET, uri = /
Sun Oct 31 20:35:35 2021
<INFO> method = GET, uri = /
Sun Oct 31 20:35:35 2021
<INFO> New conection with fd: 7
Sun Oct 31 20:35:35 2021
<INFO> New conection with fd: 7
Sun Oct 31 20:35:35 2021
<INFO> Response 200: OK
Sun Oct 31 20:35:35 2021
<INFO> Closing connection with fd 9
Sun Oct 31 20:35:35 2021
<INFO> New conection with fd: 8
Sun Oct 31 20:35:35 2021
<INFO> method = GET, uri = /
Sun Oct 31 20:35:35 2021
<INFO> method = GET, uri = /
Sun Oct 31 20:35:35 2021
<INFO> method = GET, uri = /
Sun Oct 31 20:35:35 2021
<INFO> Closing connection with fd 5
Sun Oct 31 20:35:35 2021
<INFO> Response 200: OK
Sun Oct 31 20:35:35 2021
<INFO> Closing connection with fd 7
Sun Oct 31 20:35:35 2021
<INFO> method = GET, uri = /
Sun Oct 31 20:35:35 2021
<INFO> Closing connection with fd 5
Sun Oct 31 20:35:35 2021
<INFO> New conection with fd: 5
Sun Oct 31 20:35:35 2021
<INFO> New conection with fd: 7
Sun Oct 31 20:35:35 2021
<INFO> Response 200: OK
Sun Oct 31 20:35:35 2021
<INFO> method = GET, uri = ith fd 8
Sun Oct 31 20:35:35 2021
<INFO> method = GET, uri = /
Sun Oct 31 20:35:35 2021
<INFO> Closing connection with fd 6
Sun Oct 31 20:35:35 2021
<INFO> Closing connection with fd 6
Sun Oct 31 20:35:35 2021
<INFO> Response 200: OK
Sun Oct 31 20:35:35 2021
<INFO> Closing connection with fd 5
Sun Oct 31 20:35:35 2021
<INFO> Closing connection with fd 6
Sun Oct 31 20:35:35 2021
<INFO> Closing connection with fd 6
Sun Oct 31 20:35:35 2021
<INFO> method = GET, uri = /
Sun Oct 31 20:35:35 2021
<INFO> method = GET, uri = /
Sun Oct 31 20:35:35 2021
<INFO> method = GET, uri = /
Sun Oct 31 20:35:35 2021
<INFO> method = GET, uri = /
Sun Oct 31 20:35:35 2021
<INFO> Response 200: OK
Sun Oct 31 20:35:35 2021
<INFO> Closing connection with fd 7
Sun Oct 31 20:35:35 2021
<INFO> Response 200: OK
Sun Oct 31 20:35:35 2021
<INFO> Closing connection with fd 8
Sun Oct 31 20:35:35 2021
<INFO> Closing connection with fd 9
Sun Oct 31 20:35:35 2021
<INFO> New conection with fd: 6
Sun Oct 31 20:35:35 2021
<INFO> New conection with fd: 7
Sun Oct 31 20:35:35 2021
<INFO> method = GET, uri = /
Sun Oct 31 20:35:35 2021
<INFO> method = GET, uri = /
Sun Oct 31 20:35:35 2021
<INFO> method = GET, uri = /
Sun Oct 31 20:35:35 2021
<INFO> Response 200: OK
Sun Oct 31 20:35:35 2021
<INFO> New conection with fd: 9
Sun Oct 31 20:35:35 2021
<INFO> Closing connection with fd 6
Sun Oct 31 20:35:35 2021
<INFO> New conection with fd: 6
Sun Oct 31 20:35:35 2021
<INFO> method = GET, uri = /
Sun Oct 31 20:35:35 2021
<INFO> method = GET, uri = /
Sun Oct 31 20:35:35 2021
<INFO> method = GET, uri = /
Sun Oct 31 20:35:35 2021
<INFO> Response 200: OK
Sun Oct 31 20:35:35 2021
<INFO> Response 200: OK
Sun Oct 31 20:35:35 2021
<INFO> Response 200: OK
Sun Oct 31 20:35:35 2021
<INFO> Response 200: OK
Sun Oct 31 20:35:35 2021
<INFO> Closing connection with fd 6
Sun Oct 31 20:35:35 2021
<INFO> Closing connection with fd 7
Sun Oct 31 20:35:35 2021
<INFO> Closing connection with fd 9
Sun Oct 31 20:35:35 2021
<INFO> Closing connection with fd 9
Sun Oct 31 20:35:35 2021
<INFO> New conection with fd: 5
Sun Oct 31 20:35:35 2021
<INFO> method = GET, uri = /
Sun Oct 31 20:35:35 2021
<INFO> method = GET, uri = /
Sun Oct 31 20:35:35 2021
<INFO> Response 200: OK
Sun Oct 31 20:35:35 2021
<INFO> Closing connection with fd 8
Sun Oct 31 20:35:35 2021
<INFO> New conection with fd: 6
Sun Oct 31 20:35:35 2021
<INFO> New conection with fd: 7
Sun Oct 31 20:35:35 2021
<INFO> New conection with fd: 7
Sun Oct 31 20:35:35 2021
<INFO> Closing connection with fd 5
Sun Oct 31 20:35:35 2021
<INFO> New conection with fd: 8
Sun Oct 31 20:35:35 2021
<INFO> method = GET, uri = /
Sun Oct 31 20:35:35 2021
<INFO> New conection with fd: 5
Sun Oct 31 20:35:35 2021
<INFO> method = GET, uri = /
Sun Oct 31 20:35:35 2021
<INFO> method = GET, uri = /
Sun Oct 31 20:35:35 2021
<INFO> method = GET, uri = /
Sun Oct 31 20:35:35 2021
<INFO> Response 200: OK
Sun Oct 31 20:35:35 2021
<INFO> New conection with fd: 9
Sun Oct 31 20:35:35 2021
<INFO> Response 200: OK
Sun Oct 31 20:35:35 2021
<INFO> Response 200: OK
Sun Oct 31 20:35:35 2021
<INFO> Closing connection with fd 8
Sun Oct 31 20:35:35 2021
<INFO> method = GET, uri = /
Sun Oct 31 20:35:35 2021
<INFO> Response 200: OK
Sun Oct 31 20:35:35 2021
<INFO> Closing connection with fd 5
Sun Oct 31 20:35:35 2021
<INFO> New conection with fd: 6
Sun Oct 31 20:35:35 2021
<INFO> New conection with fd: 8
Sun Oct 31 20:35:35 2021
<INFO> New conection with fd: 8
Sun Oct 31 20:35:35 2021
<INFO> New conection with fd: 6
Sun Oct 31 20:35:35 2021
<INFO> method = GET, uri = /
Sun Oct 31 20:35:35 2021
<INFO> method = GET, uri = /
Sun Oct 31 20:35:35 2021
<INFO> Closing connection with fd 9
Sun Oct 31 20:35:35 2021
<INFO> Response 200: OK
Sun Oct 31 20:35:35 2021
<INFO> Closing connection with fd 6
Sun Oct 31 20:35:35 2021
<INFO> method = GET, uri = /
Sun Oct 31 20:35:35 2021
<INFO> method = GET, uri = /
Sun Oct 31 20:35:35 2021
<INFO> Response 200: OK
Sun Oct 31 20:35:35 2021
<INFO> Closing connection with fd 8
Sun Oct 31 20:35:35 2021
<INFO> New conection with fd: 5
Sun Oct 31 20:35:35 2021
<INFO> method = GET, uri = d: 6
Sun Oct 31 20:35:35 2021
<INFO> method = GET, uri = /
Sun Oct 31 20:35:35 2021
<INFO> New conection with fd: 8
Sun Oct 31 20:35:35 2021
<INFO> method = GET, uri = /
Sun Oct 31 20:35:35 2021
<INFO> method = GET, uri = /
Sun Oct 31 20:35:35 2021
<INFO> method = GET, uri = /
Sun Oct 31 20:35:35 2021
<INFO> Closing connection with fd 7
Sun Oct 31 20:35:35 2021
<INFO> Closing connection with fd 6
Sun Oct 31 20:35:35 2021
<INFO> Closing connection with fd 6
Sun Oct 31 20:35:35 2021
<INFO> method = GET, uri = /
Sun Oct 31 20:35:35 2021
<INFO> New conection with fd: 6
Sun Oct 31 20:35:35 2021
<INFO> New conection with fd: 6
Sun Oct 31 20:35:35 2021
<INFO> New conection with fd: 7
Sun Oct 31 20:35:35 2021
<INFO> Closing connection with fd 8
Sun Oct 31 20:35:35 2021
<INFO> method = GET, uri = /
Sun Oct 31 20:35:35 2021
<INFO> New conection with fd: 6
Sun Oct 31 20:35:35 2021
<INFO> method = GET, uri = /
Sun Oct 31 20:35:35 2021
<INFO> New conection with fd: 8
Sun Oct 31 20:35:35 2021
<INFO> New conection with fd: 10
Sun Oct 31 20:35:35 2021
<INFO> New conection with fd: 12
Sun Oct 31 20:35:35 2021
<INFO> method = GET, uri = /
Sun Oct 31 20:35:35 2021
<INFO> New conection with fd: 11
Sun Oct 31 20:35:35 2021
<INFO> Response 200: OK
Sun Oct 31 20:35:35 2021
<INFO> method = GET, uri = d: 11
Sun Oct 31 20:35:35 2021
<INFO> New conection with fd: 8
Sun Oct 31 20:35:35 2021
<INFO> method = GET, uri = /
Sun Oct 31 20:35:35 2021
<INFO> New conection with fd: 13
Sun Oct 31 20:35:35 2021
<INFO> Response 200: OK
Sun Oct 31 20:35:35 2021
<INFO> Response 200: OK
Sun Oct 31 20:35:35 2021
<INFO> Response 200: OK
Sun Oct 31 20:35:35 2021
<INFO> Closing connection with fd 12
Sun Oct 31 20:35:35 2021
<INFO> New conection with fd: 13
Sun Oct 31 20:35:35 2021
<INFO> method = GET, uri = /
Sun Oct 31 20:35:35 2021
<INFO> Closing connection with fd 10
Sun Oct 31 20:35:35 2021
<INFO> method = GET, uri = /
Sun Oct 31 20:35:35 2021
<INFO> Closing connection with fd 12
Sun Oct 31 20:35:35 2021
<INFO> Closing connection with fd 6
Sun Oct 31 20:35:35 2021
<INFO> Response 200: OK
Sun Oct 31 20:35:35 2021
<INFO> Response 200: OK
Sun Oct 31 20:35:35 2021
<INFO> Response 200: OK
Sun Oct 31 20:35:35 2021
<INFO> Closing connection with fd 8
Sun Oct 31 20:35:35 2021
<INFO> Closing connection with fd 7
Sun Oct 31 20:35:35 2021
<INFO> Closing connection with fd 7
Sun Oct 31 20:35:35 2021
<INFO> New conection with fd: 5
Sun Oct 31 20:35:35 2021
<INFO> New conection with fd: 6
Sun Oct 31 20:35:35 2021
<INFO> New conection with fd: 6
Sun Oct 31 20:35:35 2021
<INFO> Response 200: OK
Sun Oct 31 20:35:35 2021
<INFO> Closing connection with fd 13
Sun Oct 31 20:35:35 2021
<INFO> method = GET, uri = /
Sun Oct 31 20:35:35 2021
<INFO> New conection with fd: 7
Sun Oct 31 20:35:35 2021
<INFO> Response 200: OK
Sun Oct 31 20:35:35 2021
<INFO> Closing connection with fd 5
Sun Oct 31 20:35:35 2021
<INFO> New conection with fd: 5
Sun Oct 31 20:35:35 2021
<INFO> method = GET, uri = /
Sun Oct 31 20:35:35 2021
<INFO> method = GET, uri = /
Sun Oct 31 20:35:35 2021
<INFO> method = GET, uri = /
Sun Oct 31 20:35:35 2021
<INFO> New conection with fd: 10
Sun Oct 31 20:35:35 2021
<INFO> method = GET, uri = /
Sun Oct 31 20:35:35 2021
<INFO> Response 200: OK
Sun Oct 31 20:35:35 2021
<INFO> Closing connection with fd 6
Sun Oct 31 20:35:35 2021
<INFO> Closing connection with fd 6
Sun Oct 31 20:35:35 2021
<INFO> Response 200: OK
Sun Oct 31 20:35:35 2021
<INFO> Closing connection with fd 6
Sun Oct 31 20:35:35 2021
<INFO> Closing connection with fd 7
<INFO> Closing connection with fd 7
Sun Oct 31 20:35:35 2021
<INFO> New conection with fd: 11
Sun Oct 31 20:35:35 2021
<INFO> Response 200: OK
Sun Oct 31 20:35:35 2021
<INFO> Closing connection with fd 8
Sun Oct 31 20:35:35 2021
<INFO> method = GET, uri = /
Sun Oct 31 20:35:35 2021
<INFO> New conection with fd: 6
Sun Oct 31 20:35:35 2021
<INFO> method = GET, uri = /
Sun Oct 31 20:35:35 2021
<INFO> method = GET, uri = /
Sun Oct 31 20:35:35 2021
<INFO> Response 200: OK
Sun Oct 31 20:35:35 2021
<INFO> method = GET, uri = /
Sun Oct 31 20:35:35 2021
<INFO> method = GET, uri = /
Sun Oct 31 20:35:35 2021
<INFO> Closing connection with fd 10
Sun Oct 31 20:35:35 2021
<INFO> Response 200: OK
Sun Oct 31 20:35:35 2021
<INFO> Closing connection with fd 9
Sun Oct 31 20:35:35 2021
<INFO> method = GET, uri = /
Sun Oct 31 20:35:35 2021
<INFO> Response 200: OK
Sun Oct 31 20:35:35 2021
<INFO> Closing connection with fd 6
Sun Oct 31 20:35:35 2021
<INFO> Response 200: OK
Sun Oct 31 20:35:35 2021
<INFO> New conection with fd: 6
Sun Oct 31 20:35:35 2021
<INFO> New conection with fd: 6
Sun Oct 31 20:35:35 2021
<INFO> method = GET, uri = /
Sun Oct 31 20:35:35 2021
<INFO> method = GET, uri = /
Sun Oct 31 20:35:35 2021
<INFO> New conection with fd: 8
Sun Oct 31 20:35:35 2021
<INFO> New conection with fd: 8
Sun Oct 31 20:35:35 2021
<INFO> Response 200: OK
Sun Oct 31 20:35:35 2021
<INFO> Closing connection with fd 6
Sun Oct 31 20:35:35 2021
<INFO> method = GET, uri = /
Sun Oct 31 20:35:35 2021
<INFO> method = GET, uri = /
Sun Oct 31 20:35:35 2021
<INFO> method = GET, uri = /
Sun Oct 31 20:35:35 2021
<INFO> method = GET, uri = /
Sun Oct 31 20:35:35 2021
<INFO> Response 200: OK
Sun Oct 31 20:35:35 2021
<INFO> Response 200: OK
Sun Oct 31 20:35:35 2021
<INFO> Response 200: OK
Sun Oct 31 20:35:35 2021
<INFO> Response 200: OK
Sun Oct 31 20:35:35 2021
<INFO> method = GET, uri = /
Sun Oct 31 20:35:35 2021
<INFO> Closing connection with fd 5
Sun Oct 31 20:35:35 2021
<INFO> Response 200: OK
Sun Oct 31 20:35:35 2021
<INFO> Closing connection with fd 9
Sun Oct 31 20:35:35 2021
<INFO> New conection with fd: 11
Sun Oct 31 20:35:35 2021
<INFO> New conection with fd: 11
Sun Oct 31 20:35:35 2021
<INFO> Response 200: OK
Sun Oct 31 20:35:35 2021
<INFO> method = GET, uri = /
Sun Oct 31 20:35:35 2021
<INFO> New conection with fd: 5
Sun Oct 31 20:35:35 2021
<INFO> Closing connection with fd 6
Sun Oct 31 20:35:35 2021
<INFO> Closing connection with fd 6
Sun Oct 31 20:35:35 2021
<INFO> Closing connection with fd 6
Sun Oct 31 20:35:35 2021
<INFO> New conection with fd: 8
Sun Oct 31 20:35:35 2021
<INFO> New conection with fd: 8
Sun Oct 31 20:35:35 2021
<INFO> New conec200: OK
Sun Oct 31 20:35:35 2021
<INFO> New conec200: OK
Sun Oct 31 20:35:35 2021
<INFO> Closing connection with fd 11
Sun Oct 31 20:35:35 2021
<INFO> Closing connection with fd 11
Sun Oct 31 20:35:35 2021
<INFO> Response 200: OK
Sun Oct 31 20:35:35 2021
<INFO> New conection with fd: 6
Sun Oct 31 20:35:35 2021
<INFO> Closing connection with fd 10
Sun Oct 31 20:35:35 2021
<INFO> Closing connection with fd 5
Sun Oct 31 20:35:35 2021
<INFO> Response 200: OK
Sun Oct 31 20:35:35 2021
<INFO> Response 200: OK
Sun Oct 31 20:35:35 2021
<INFO> Response 200: OK
Sun Oct 31 20:35:35 2021
<INFO> Closing connection with fd 8
Sun Oct 31 20:35:35 2021
<INFO> Closing connection with fd 8
Sun Oct 31 20:35:35 2021
<INFO> Closing connection with fd 8
Sun Oct 31 20:35:35 2021
<INFO> Response 200: OK
Sun Oct 31 20:35:35 2021
<INFO> Closing connection with fd 7
Sun Oct 31 20:35:35 2021
<INFO> method = GET, uri = /
Sun Oct 31 20:35:35 2021
<INFO> Response 200: OK
Sun Oct 31 20:35:35 2021
<INFO> Closing connection with fd 6
Sun Oct 31 20:35:35 2021
<INFO> New conection with fd: 6
Sun Oct 31 20:35:35 2021
<INFO> New conection with fd: 7
Sun Oct 31 20:35:35 2021
<INFO> New conection with fd: 7
Sun Oct 31 20:35:35 2021
<INFO> Response 200: OK
Sun Oct 31 20:35:35 2021
<INFO> New conection with fd: 8
Sun Oct 31 20:35:35 2021
<INFO> method = GET, uri = /
Sun Oct 31 20:35:35 2021
<INFO> method = GET, uri = /
Sun Oct 31 20:35:35 2021
<INFO> method = GET, uri = /
Sun Oct 31 20:35:35 2021
<INFO> method = GET, uri = /
Sun Oct 31 20:35:35 2021
<INFO> New conection with fd: 9
Sun Oct 31 20:35:35 2021
<INFO> Closing connection with fd 6
Sun Oct 31 20:35:35 2021
<INFO> Response 200: OK
Sun Oct 31 20:35:35 2021
<INFO> Closing connection with fd 7
Sun Oct 31 20:35:35 2021
<INFO> Closing connection with fd 7
Sun Oct 31 20:35:35 2021
<INFO> New conection with fd: 9
Sun Oct 31 20:35:35 2021
<INFO> New conection with fd: 7
Sun Oct 31 20:35:35 2021
<INFO> Response 200: OK
Sun Oct 31 20:35:35 2021
<INFO> Response 200: OK
Sun Oct 31 20:35:35 2021
<INFO> Closing connection with fd 5
Sun Oct 31 20:35:35 2021
<INFO> Closing connection with fd 5
Sun Oct 31 20:35:35 2021
<INFO> Closing connection with fd 5
Sun Oct 31 20:35:35 2021
<INFO> method = GET, uri = /
Sun Oct 31 20:35:35 2021
<INFO> method = GET, uri = /
Sun Oct 31 20:35:35 2021
<INFO> New conection with fd: 6
Sun Oct 31 20:35:35 2021
<INFO> New conection with fd: 6
Sun Oct 31 20:35:35 2021
<INFO> Response 200: OK
Sun Oct 31 20:35:35 2021
<INFO> New conection with fd:  fd 7
Sun Oct 31 20:35:35 2021
<INFO> New conection with fd: 8
Sun Oct 31 20:35:35 2021
<INFO> New conection with fd: 8
Sun Oct 31 20:35:35 2021
<INFO> Response 200: OK
Sun Oct 31 20:35:35 2021
<INFO> New conection with fd: 8
Sun Oct 31 20:35:35 2021
<INFO> Closing connection with fd 5
Sun Oct 31 20:35:35 2021
<INFO> Closing connection with fd 5
Sun Oct 31 20:35:35 2021
<INFO> method = GET, uri = /
Sun Oct 31 20:35:35 2021
<INFO> method = GET, uri = /
Sun Oct 31 20:35:35 2021
<INFO> method = GET, uri = /
Sun Oct 31 20:35:35 2021
<INFO> Closing connection with fd 6
Sun Oct 31 20:35:35 2021
<INFO> Closing connection with fd 6
Sun Oct 31 20:35:35 2021
<INFO> Closing connection with fd 6
Sun Oct 31 20:35:35 2021
<INFO> New conection with fd: 9
Sun Oct 31 20:35:35 2021
<INFO> New conection with fd: 9
Sun Oct 31 20:35:35 2021
<INFO> New conection with fd: 6
Sun Oct 31 20:35:35 2021
<INFO> New conection with fd: 6
Sun Oct 31 20:35:35 2021
<INFO> New conection with fd: 6
Sun Oct 31 20:35:35 2021
<INFO> Closing connection with fd 7
Sun Oct 31 20:35:35 2021
<INFO> Response 200: OK
Sun Oct 31 20:35:35 2021
<INFO> Closing connection with fd 5
Sun Oct 31 20:35:35 2021
<INFO> New conection with fd: 5
Sun Oct 31 20:35:35 2021
<INFO> New conection with fd: 5
Sun Oct 31 20:35:35 2021
<INFO> Closing connection with fd 8
Sun Oct 31 20:35:35 2021
<INFO> Response onnection with fd 8
Sun Oct 31 20:35:35 2021
<INFO> Response 200: OK
Sun Oct 31 20:35:35 2021
<INFO> Closing connection with fd 9
Sun Oct 31 20:35:35 2021
<INFO> method = GET, uri = /
Sun Oct 31 20:35:35 2021
<INFO> method = GET, uri = /
Sun Oct 31 20:35:35 2021
<INFO> Response 200: OK
Sun Oct 31 20:35:35 2021
<INFO> Response 200: OK
Sun Oct 31 20:35:35 2021
<INFO> Closing connection with fd 6
Sun Oct 31 20:35:35 2021
<INFO> Response 200: OK
Sun Oct 31 20:35:35 2021
<INFO> Closing connection with fd 5
Sun Oct 31 20:35:35 2021
<INFO> New conection with fd: 5
Sun Oct 31 20:35:35 2021
<INFO> New conection with fd: 6
Sun Oct 31 20:35:35 2021
<INFO> method = GET, uri = /
Sun Oct 31 20:35:35 2021
<INFO> method = GET, uri = /
Sun Oct 31 20:35:35 2021
<INFO> method = GET, uri = /
Sun Oct 31 20:35:35 2021
<INFO> Response 200: OK
Sun Oct 31 20:35:35 2021
<INFO> Response 200: OK
Sun Oct 31 20:35:35 2021
<INFO> Response 200: OK
Sun Oct 31 20:35:35 2021
<INFO> Closing connection with fd 5
Sun Oct 31 20:35:35 2021
<INFO> New conection with fd: 8
Sun Oct 31 20:35:35 2021
<INFO> New conection with fd: 8
Sun Oct 31 20:35:35 2021
<INFO> New conection with fd: 8
Sun Oct 31 20:35:35 2021
<INFO> Closing connection with fd 5
Sun Oct 31 20:35:35 2021
<INFO> New conection with fd: 9
Sun Oct 31 20:35:35 2021
<INFO> Closing connection with fd 5
Sun Oct 31 20:35:35 2021
<INFO> method = GET, uri = /
Sun Oct 31 20:35:35 2021
<INFO> New conection with fd: 5
Sun Oct 31 20:35:35 2021
<INFO> Response 200: OK
Sun Oct 31 20:35:35 2021
<INFO> New conection with fd: 6
Sun Oct 31 20:35:35 2021
<INFO> method = GET, uri = /
Sun Oct 31 20:35:35 2021
<INFO> method = GET, uri = /
Sun Oct 31 20:35:35 2021
<INFO> Response 200: OK
Sun Oct 31 20:35:35 2021
<INFO> method = GET, uri = /
Sun Oct 31 20:35:35 2021
<INFO> method = GET, uri = /
Sun Oct 31 20:35:35 2021
<INFO> New conection with fd: 8
Sun Oct 31 20:35:35 2021
<INFO> New conection with fd: 8
Sun Oct 31 20:35:35 2021
<INFO> Response 200: OK
Sun Oct 31 20:35:35 2021
<INFO> New conection with fd: 13
Sun Oct 31 20:35:35 2021
<INFO> Response 200: OK
Sun Oct 31 20:35:35 2021
<INFO> Response 200: OK
Sun Oct 31 20:35:35 2021
<INFO> Response 200: OK
Sun Oct 31 20:35:35 2021
<INFO> Closing connection with fd 6
Sun Oct 31 20:35:35 2021
<INFO> Closing connection with fd 5
Sun Oct 31 20:35:35 2021
<INFO> method = GET, uri = /
Sun Oct 31 20:35:35 2021
<INFO> Closing connection with fd 5
Sun Oct 31 20:35:35 2021
<INFO> method = GET, uri = /
Sun Oct 31 20:35:35 2021
<INFO> method = GET, uri = /
Sun Oct 31 20:35:35 2021
<INFO> Response 200: OK
Sun Oct 31 20:35:35 2021
<INFO> Response 200: OK
Sun Oct 31 20:35:35 2021
<INFO> Closing connection with fd 8
Sun Oct 31 20:35:35 2021
<INFO> method = GET, uri = /
Sun Oct 31 20:35:35 2021
<INFO> New conection with fd: 6
Sun Oct 31 20:35:35 2021
<INFO> New conection with fd: 6
Sun Oct 31 20:35:35 2021
<INFO> Response 200: OK
Sun Oct 31 20:35:35 2021
<INFO> New conection with fd: 7
Sun Oct 31 20:35:35 2021
<INFO> New conection with fd: 7
Sun Oct 31 20:35:35 2021
<INFO> Response 200: OK
Sun Oct 31 20:35:35 2021
<INFO> Response 200: OK
Sun Oct 31 20:35:35 2021
<INFO> Closing connection with fd 5
Sun Oct 31 20:35:35 2021
<INFO> method = GET, uri = /
Sun Oct 31 20:35:35 2021
<INFO> method = GET, uri = /
Sun Oct 31 20:35:35 2021
<INFO> New conection with fd: 5
Sun Oct 31 20:35:35 2021
<INFO> method = GET, uri = /
Sun Oct 31 20:35:35 2021
<INFO> Response 200: OK
Sun Oct 31 20:35:35 2021
<INFO> Response 200: OK
Sun Oct 31 20:35:35 2021
<INFO> Response 200: OK
Sun Oct 31 20:35:35 2021
<INFO> Closing connection with fd 7
Sun Oct 31 20:35:35 2021
<INFO> New conection with fd: 6
Sun Oct 31 20:35:35 2021
<INFO> New conection with fd: 6
Sun Oct 31 20:35:35 2021
<INFO> Response 200: OK
Sun Oct 31 20:35:35 2021
<INFO> Closing connection with fd 8
Sun Oct 31 20:35:35 2021
<INFO> method = GET, uri = /
Sun Oct 31 20:35:35 2021
<INFO> method = GET, uri = /
Sun Oct 31 20:35:35 2021
<INFO> New conection with fd: 8
Sun Oct 31 20:35:35 2021
<INFO> New conection with fd: 8
Sun Oct 31 20:35:35 2021
<INFO> method = GET, uri = /
Sun Oct 31 20:35:35 2021
<INFO> method = GET, uri = /
Sun Oct 31 20:35:35 2021
<INFO> method = GET, uri = /
Sun Oct 31 20:35:35 2021
<INFO> method = GET, uri = /
Sun Oct 31 20:35:35 2021
<INFO> Closing connection with fd 6
Sun Oct 31 20:35:35 2021
<INFO> Closing connection with fd 6
Sun Oct 31 20:35:35 2021
<INFO> method = tion with fd: 11
Sun Oct 31 20:35:35 2021
<INFO> method = GET, uri = /
Sun Oct 31 20:35:35 2021
<INFO> method = GET, uri = /
Sun Oct 31 20:35:35 2021
<INFO> Response 200: OK
Sun Oct 31 20:35:35 2021
<INFO> method = GET, uri = /
Sun Oct 31 20:35:35 2021
<INFO> Response 200: OK
Sun Oct 31 20:35:35 2021
<INFO> Closing connection with fd 8
Sun Oct 31 20:35:35 2021
<INFO> Closing connection with fd 9
Sun Oct 31 20:35:35 2021
<INFO> Response 200: OK
Sun Oct 31 20:35:35 2021
<INFO> New conection with fd: 6
Sun Oct 31 20:35:35 2021
<INFO> Closing connection with fd 5
Sun Oct 31 20:35:35 2021
<INFO> Closing connection with fd 8
Sun Oct 31 20:35:35 2021
<INFO> Response 200: OK
Sun Oct 31 20:35:35 2021
<INFO> Closing connection with fd 10
Sun Oct 31 20:35:35 2021
<INFO> method = GET, uri = /
Sun Oct 31 20:35:35 2021
<INFO> method = GET, uri = /
Sun Oct 31 20:35:35 2021
<INFO> Response 200: OK
Sun Oct 31 20:35:35 2021
<INFO> Response 200: OK
Sun Oct 31 20:35:35 2021
<INFO> Response 200: OK
Sun Oct 31 20:35:35 2021
<INFO> Closing connection with fd 11
Sun Oct 31 20:35:35 2021
<INFO> New conection with fd: 8
Sun Oct 31 20:35:35 2021
<INFO> New conection with fd: 10
Sun Oct 31 20:35:35 2021
<INFO> method = GET, uri = /
Sun Oct 31 20:35:35 2021
<INFO> Response 200: OK
Sun Oct 31 20:35:35 2021
<INFO> Closing connection with fd 5
Sun Oct 31 20:35:35 2021
<INFO> Response 200: OK
Sun Oct 31 20:35:35 2021
<INFO> Closing connection with fd 6
Sun Oct 31 20:35:35 2021
<INFO> Response 200: OK
Sun Oct 31 20:35:35 2021
<INFO> Closing connection with fd 7
Sun Oct 31 20:35:35 2021
<INFO> Closing connection with fd 7
Sun Oct 31 20:35:35 2021
<INFO> New conection with fd: 5
Sun Oct 31 20:35:35 2021
<INFO> New conection with fd: 5
Sun Oct 31 20:35:35 2021
<INFO> New conec200: OK
Sun Oct 31 20:35:35 2021
<INFO> method = GET, uri = /
Sun Oct 31 20:35:35 2021
<INFO> method = GET, uri = /
Sun Oct 31 20:35:35 2021
<INFO> Response 200: OK
Sun Oct 31 20:35:35 2021
<INFO> method = GET, uri = /
Sun Oct 31 20:35:35 2021
<INFO> method = GET, uri = /
Sun Oct 31 20:35:35 2021
<INFO> Closing connection with fd 10
Sun Oct 31 20:35:35 2021
<INFO> New conection with fd: 7
Sun Oct 31 20:35:35 2021
<INFO> method = GET, uri = /
Sun Oct 31 20:35:35 2021
<INFO> Response 200: OK
Sun Oct 31 20:35:35 2021
<INFO> Closing connection with fd 6
Sun Oct 31 20:35:35 2021
<INFO> method = GET, uri = /
Sun Oct 31 20:35:35 2021
<INFO> Response 200: OK
Sun Oct 31 20:35:35 2021
<INFO> Closing connection with fd 5
Sun Oct 31 20:35:35 2021
<INFO> Closing connection with fd 5
Sun Oct 31 20:35:35 2021
<INFO> Response 200: OK
Sun Oct 31 20:35:35 2021
<INFO> Closing connection with fd 7
Sun Oct 31 20:35:35 2021
<INFO> method = GET, uri = /
Sun Oct 31 20:35:35 2021
<INFO> New conection with fd: 5
Sun Oct 31 20:35:35 2021
<INFO> New conection with fd: 6
Sun Oct 31 20:35:35 2021
<INFO> Response 200: OK
Sun Oct 31 20:35:35 2021
<INFO> Closing connection with fd 8
Sun Oct 31 20:35:35 2021
<INFO> New conection with fd: 7
Sun Oct 31 20:35:35 2021
<INFO> method = GET, uri = /
Sun Oct 31 20:35:35 2021
<INFO> New conection with fd: 8
Sun Oct 31 20:35:35 2021
<INFO> method = GET, uri = /
Sun Oct 31 20:35:35 2021
<INFO> method = GET, uri = /
Sun Oct 31 20:35:35 2021
<INFO> Response 200: OK
Sun Oct 31 20:35:35 2021
<INFO> New conection with fd: 11
Sun Oct 31 20:35:35 2021
<INFO> Response 200: OK
Sun Oct 31 20:35:35 2021
<INFO> Response 200: OK
Sun Oct 31 20:35:35 2021
<INFO> method = GET, uri = /
Sun Oct 31 20:35:35 2021
<INFO> New conection with fd: 5
Sun Oct 31 20:35:35 2021
<INFO> method = GET, uri = /
Sun Oct 31 20:35:35 2021
<INFO> New conection with fd: 5
Sun Oct 31 20:35:35 2021
<INFO> Response 200: OK
Sun Oct 31 20:35:35 2021
<INFO> Response 200: OK
Sun Oct 31 20:35:35 2021
<INFO> Response 200: OK
Sun Oct 31 20:35:35 2021
<INFO> Closing connection with fd 7
Sun Oct 31 20:35:35 2021
<INFO> Closing connection with fd 7
Sun Oct 31 20:35:35 2021
<INFO> Response 200: OK
Sun Oct 31 20:35:35 2021
<INFO> Response 200: OK
Sun Oct 31 20:35:35 2021
<INFO> Closing connection with fd 11
Sun Oct 31 20:35:35 2021
<INFO> New conection with fd: 6
Sun Oct 31 20:35:35 2021
<INFO> Closing connection with fd 7
Sun Oct 31 20:35:35 2021
<INFO> New conection with fd: 6
Sun Oct 31 20:35:35 2021
<INFO> Response 200: OK
Sun Oct 31 20:35:35 2021
<INFO> Closing connection with 
Sun Oct 31 20:35:35 2021
<INFO> Closing connection with 
Sun Oct 31 20:35:35 2021
<INFO> Response 200: OK
Sun Oct 31 20:35:35 2021
<INFO> Closing connection with fd 9
Sun Oct 31 20:35:35 2021
<INFO> Closing connection with fd 9
Sun Oct 31 20:35:35 2021
<INFO> method = GET, uri = /
Sun Oct 31 20:35:35 2021
<INFO> method = GET, uri = /
Sun Oct 31 20:35:35 2021
<INFO> Closing connection with fd 5
Sun Oct 31 20:35:35 2021
<INFO> method = GET, uri = /
Sun Oct 31 20:35:35 2021
<INFO> method = GET, uri = /
Sun Oct 31 20:35:35 2021
<INFO> method = GET, uri = /
Sun Oct 31 20:35:35 2021
<INFO> Response 200: OK
Sun Oct 31 20:35:35 2021
<INFO> method = GET, uri = /
Sun Oct 31 20:35:35 2021
<INFO> method = GET, uri = /
Sun Oct 31 20:35:35 2021
<INFO> Closing connection with fd 7
Sun Oct 31 20:35:35 2021
<INFO> Response 200: OK
Sun Oct 31 20:35:35 2021
<INFO> Closing connection with fd 7
Sun Oct 31 20:35:35 2021
<INFO> Response 200: OK
Sun Oct 31 20:35:35 2021
<INFO> New conection with fd: 7
Sun Oct 31 20:35:35 2021
<INFO> Closing connection with fd 8
Sun Oct 31 20:35:35 2021
<INFO> Closing connection with fd 8
Sun Oct 31 20:35:35 2021
<INFO> Response 200: OK
Sun Oct 31 20:35:35 2021
<INFO> Response 200: OK
Sun Oct 31 20:35:35 2021
<INFO> Closing connection with fd 5
Sun Oct 31 20:35:35 2021
<INFO> Closing connection with fd 5
Sun Oct 31 20:35:35 2021
<INFO> method = GET, uri = /
Sun Oct 31 20:35:35 2021
<INFO> Closing connection with fd 6
Sun Oct 31 20:35:35 2021
<INFO> Closing connection with fd 6
Sun Oct 31 20:35:35 2021
<INFO> Closing connection with fd 5
Sun Oct 31 20:35:35 2021
<INFO> Closing connection with fd 6
Sun Oct 31 20:35:35 2021
<INFO> New conection with fd: 11
Sun Oct 31 20:35:35 2021
<INFO> method = GET, uri = /
Sun Oct 31 20:35:35 2021
<INFO> Closing connection with fd 5
Sun Oct 31 20:35:35 2021
<INFO> Response 200: OK
Sun Oct 31 20:35:35 2021
<INFO> Closing connection with fd 7
Sun Oct 31 20:35:35 2021
<INFO> Closing connection with fd 7
Sun Oct 31 20:35:35 2021
<INFO> method = GET, uri = /
Sun Oct 31 20:35:35 2021
<INFO> Closing connection with fd 8
Sun Oct 31 20:35:35 2021
<INFO> Closing connection with fd 8
Sun Oct 31 20:35:35 2021
<INFO> Response 200: OK
Sun Oct 31 20:35:35 2021
<INFO> Response 200: OK
Sun Oct 31 20:35:35 2021
<INFO> Closing connection with fd 5
Sun Oct 31 20:35:35 2021
<INFO> Closing connection with fd 5
<INFO> Closing connection with fd 10
Sun Oct 31 20:35:35 2021
<INFO> Closing connection with fd 10
Sun Oct 31 20:35:35 2021
<INFO> Closing connection with fd 10
Sun Oct 31 20:35:35 2021
<INFO> Closing connection with fd 10
Sun Oct 31 20:35:35 2021
<INFO> New conection with fd: 8
Sun Oct 31 20:35:35 2021
<INFO> Closing connection with fd 5
Sun Oct 31 20:35:35 2021
<INFO> Response 200: OK
Sun Oct 31 20:35:35 2021
<INFO> Closing connection with fd 7
Sun Oct 31 20:35:35 2021
<INFO> Response 200: OK
Sun Oct 31 20:35:35 2021
<INFO> Response 200: OK
Sun Oct 31 20:35:35 2021
<INFO> Closing connection with fd 11
Sun Oct 31 20:35:35 2021
<INFO> method = GET, uri = /
Sun Oct 31 20:35:35 2021
<INFO> Response 200: OK
Sun Oct 31 20:35:35 2021
<INFO> Closing connection with fd 6
Sun Oct 31 20:35:35 2021
<INFO> Closing connection with fd 6
Sun Oct 31 20:35:35 2021
<INFO> Response 200: OK
Sun Oct 31 20:35:35 2021
<INFO> Response 200: OK
Sun Oct 31 20:35:35 2021
<INFO> Response 200: OK
Sun Oct 31 20:35:35 2021
<INFO> Closing connection with fd 8
Sun Oct 31 20:35:35 2021
<INFO> New conection with fd: 6
Sun Oct 31 20:35:35 2021
<INFO> Response 200: OK
Sun Oct 31 20:35:35 2021
<INFO> Closing connection with fd 5
Sun Oct 31 20:35:35 2021
<INFO> New conection with fd: 5
Sun Oct 31 20:35:35 2021
<INFO> Response 200: OK
Sun Oct 31 20:35:35 2021
<INFO> Response 200: OK
Sun Oct 31 20:35:35 2021
<INFO> method = tion with fd: 8
Sun Oct 31 20:35:35 2021
<INFO> Response 200: OK
Sun Oct 31 20:35:35 2021
<INFO> Closing connection with fd 7
Sun Oct 31 20:35:35 2021
<INFO> method = GET, uri = /
Sun Oct 31 20:35:35 2021
<INFO> method = GET, uri = /
Sun Oct 31 20:35:35 2021
<INFO> New conection with fd: 10
Sun Oct 31 20:35:35 2021
<INFO> New conection with fd: 9
Sun Oct 31 20:35:35 2021
<INFO> method = GET, uri = /
Sun Oct 31 20:35:35 2021
<INFO> method = GET, uri = /
Sun Oct 31 20:35:35 2021
<INFO> Response 200: OK
Sun Oct 31 20:35:35 2021
<INFO> New conection with fd: 7
Sun Oct 31 20:35:35 2021
<INFO> New conection with fd: 7
Sun Oct 31 20:35:35 2021
<INFO> Closing connection with fd 10
Sun Oct 31 20:35:35 2021
<INFO> Closing connection with fd 10
Sun Oct 31 20:35:35 2021
<INFO> Closing connection with fd 10
Sun Oct 31 20:35:35 2021
<INFO> New conection with fd: 6
Sun Oct 31 20:35:35 2021
<INFO> Response 200: OK
Sun Oct 31 20:35:35 2021
<INFO> method = GET, uri = /
Sun Oct 31 20:35:35 2021
<INFO> method = GET, uri = /
Sun Oct 31 20:35:35 2021
<INFO> Closing connection with fd 9
Sun Oct 31 20:35:35 2021
<INFO> New conection with fd: 11
Sun Oct 31 20:35:35 2021
<INFO> New conection with fd: 13
Sun Oct 31 20:35:35 2021
<INFO> New conection with fd: 12
Sun Oct 31 20:35:35 2021
<INFO> Response 200: OK
Sun Oct 31 20:35:35 2021
<INFO> method = GET, uri = /
Sun Oct 31 20:35:35 2021
<INFO> New conection with fd: 14
Sun Oct 31 20:35:35 2021
<INFO> method = GET, uri = /
Sun Oct 31 20:35:35 2021
<INFO> Response 200: OK
Sun Oct 31 20:35:35 2021
<INFO> Closing connection with fd 7
Sun Oct 31 20:35:35 2021
<INFO> method = GET, uri = /
Sun Oct 31 20:35:35 2021
<INFO> method = GET, uri = /
Sun Oct 31 20:35:35 2021
<INFO> New conection with fd: 14
Sun Oct 31 20:35:35 2021
<INFO> method = GET, uri = /
Sun Oct 31 20:35:35 2021
<INFO> Response 200: OK
<INFO> New conection with fd: 5
Sun Oct 31 20:35:35 2021
<INFO> Response tion with fd: 12
Sun Oct 31 20:35:35 2021
<INFO> Response 200: OK
Sun Oct 31 20:35:35 2021
<INFO> New conection with fd: 7
Sun Oct 31 20:35:35 2021
<INFO> method = GET, uri = /
Sun Oct 31 20:35:35 2021
<INFO> Closing connection with fd 8
Sun Oct 31 20:35:35 2021
<INFO> method = GET, uri = /
Sun Oct 31 20:35:35 2021
<INFO> method = GET, uri = /
Sun Oct 31 20:35:35 2021
<INFO> Response 200: OK
Sun Oct 31 20:35:35 2021
<INFO> Response 200: OK
Sun Oct 31 20:35:35 2021
<INFO> Closing connection with fd 12
Sun Oct 31 20:35:35 2021
<INFO> Closing connection with fd 7
Sun Oct 31 20:35:35 2021
<INFO> New conection with fd: 8
Sun Oct 31 20:35:35 2021
<INFO> Response 200: OK
Sun Oct 31 20:35:35 2021
<INFO> Closing connection with fd 5
Sun Oct 31 20:35:35 2021
<INFO> Response 200: OK
Sun Oct 31 20:35:35 2021
<INFO> New conection with fd: 5
Sun Oct 31 20:35:35 2021
<INFO> Closing connection with fd 5
Sun Oct 31 20:35:35 2021
<INFO> Closing connection with fd 6
Sun Oct 31 20:35:35 2021
<INFO> New conection with fd: 5
Sun Oct 31 20:35:35 2021
<INFO> New conection with fd: 5
Sun Oct 31 20:35:35 2021
<INFO> New conection with fd: 5
Sun Oct 31 20:35:35 2021
<INFO> Closing connection with fd 14
Sun Oct 31 20:35:35 2021
<INFO> method = GET, uri = /
Sun Oct 31 20:35:35 2021
<INFO> New conection with fd: 5
Sun Oct 31 20:35:35 2021
<INFO> Closing connection with fd 13
Sun Oct 31 20:35:35 2021
<INFO> New conection with fd: 6
Sun Oct 31 20:35:35 2021
<INFO> method = GET, uri = /
Sun Oct 31 20:35:35 2021
<INFO> New conection with fd: 7
Sun Oct 31 20:35:35 2021
<INFO> New conection with fd: 7
Sun Oct 31 20:35:35 2021
<INFO> New conection with fd: 7
Sun Oct 31 20:35:35 2021
<INFO> Closing connection with fd 5
Sun Oct 31 20:35:35 2021
<INFO> New conection with fd: 5
Sun Oct 31 20:35:35 2021
<INFO> Response 200: OK
Sun Oct 31 20:35:35 2021
<INFO> Response 200: OK
Sun Oct 31 20:35:35 2021
<INFO> New conection with fd: 10
Sun Oct 31 20:35:35 2021
<INFO> Response 200: OK
Sun Oct 31 20:35:35 2021
<INFO> Closing connection with fd 8
Sun Oct 31 20:35:35 2021
<INFO> Closing connection with fd 8
Sun Oct 31 20:35:35 2021
<INFO> Response 200: OK
Sun Oct 31 20:35:35 2021
<INFO> New conection with fd: 10
Sun Oct 31 20:35:35 2021
<INFO> Closing connection with fd 7
Sun Oct 31 20:35:35 2021
<INFO> Closing connection with fd 8
Sun Oct 31 20:35:35 2021
<INFO> method = GET, uri = /
Sun Oct 31 20:35:35 2021
<INFO> method = GET, uri = /
Sun Oct 31 20:35:35 2021
<INFO> method = GET, uri = /
Sun Oct 31 20:35:35 2021
<INFO> Response 200: OK
Sun Oct 31 20:35:35 2021
<INFO> method = GET, uri = /
Sun Oct 31 20:35:35 2021
<INFO> Response 200: OK
Sun Oct 31 20:35:35 2021
<INFO> Closing connection with fd 9
Sun Oct 31 20:35:35 2021
<INFO> Response 200: OK
Sun Oct 31 20:35:35 2021
<INFO> Closing connection with fd 10
Sun Oct 31 20:35:35 2021
<INFO> New conection with fd: 8
Sun Oct 31 20:35:35 2021
<INFO> method = GET, uri = /
Sun Oct 31 20:35:35 2021
<INFO> Response 200: OK
Sun Oct 31 20:35:35 2021
<INFO> Closing connection with fd 6
Sun Oct 31 20:35:35 2021
<INFO> New conection with fd: 5
Sun Oct 31 20:35:35 2021
<INFO> New conection with fd: 6
Sun Oct 31 20:35:35 2021
<INFO> method = GET, uri = /
Sun Oct 31 20:35:35 2021
<INFO> New conection with fd: 7
Sun Oct 31 20:35:35 2021
<INFO> Response 200: OK
Sun Oct 31 20:35:35 2021
<INFO> Closing  GET, uri = /
Sun Oct 31 20:35:35 2021
<INFO> method = GET, uri = /
Sun Oct 31 20:35:35 2021
<INFO> method = GET, uri = /
Sun Oct 31 20:35:35 2021
<INFO> Response 200: OK
Sun Oct 31 20:35:35 2021
<INFO> Response 200: OK
Sun Oct 31 20:35:35 2021
<INFO> New conection with fd: 8
Sun Oct 31 20:35:35 2021
<INFO> Response 200: OK
Sun Oct 31 20:35:35 2021
<INFO> Closing connection with fd 5
Sun Oct 31 20:35:35 2021
<INFO> Response 200: OK
Sun Oct 31 20:35:35 2021
<INFO> Closing connection with fd 6
Sun Oct 31 20:35:35 2021
<INFO> Closing connection with fd 7
Sun Oct 31 20:35:35 2021
<INFO> Closing connection with fd 7
Sun Oct 31 20:35:35 2021
<INFO> New conection with fd: 5
Sun Oct 31 20:35:35 2021
<INFO> New conection with fd: 6
Sun Oct 31 20:35:35 2021
<INFO> New conecti0: OK
Sun Oct 31 20:35:35 2021
<INFO> New conection with fd: 9
Sun Oct 31 20:35:35 2021
<INFO> New conection with fd: 9
Sun Oct 31 20:35:35 2021
<INFO> method = GET, uri = /
Sun Oct 31 20:35:35 2021
<INFO> method = GET, uri = /
Sun Oct 31 20:35:35 2021
<INFO> New conection with fd: 9
Sun Oct 31 20:35:35 2021
<INFO> New conection with fd: 10
Sun Oct 31 20:35:35 2021
<INFO> Closing connection with fd 8
Sun Oct 31 20:35:35 2021
<INFO> Closing connection with fd 8
Sun Oct 31 20:35:35 2021
<INFO> New conection with fd: 11
Sun Oct 31 20:35:35 2021
<INFO> New conection with fd: 11
Sun Oct 31 20:35:35 2021
<INFO> Response 200: OK
Sun Oct 31 20:35:35 2021
<INFO> method = GET, uri = /
Sun Oct 31 20:35:35 2021
<INFO> New conection with fd: 5
Sun Oct 31 20:35:35 2021
<INFO> Closing connection with fd 6
Sun Oct 31 20:35:35 2021
<INFO> method = GET, uri = /
Sun Oct 31 20:35:35 2021
<INFO> Response 200: OK
Sun Oct 31 20:35:35 2021
<INFO> Closing connection with fd 7
Sun Oct 31 20:35:35 2021
<INFO> Response 200: OK
Sun Oct 31 20:35:35 2021
<INFO> Response 200: OK
Sun Oct 31 20:35:35 2021
<INFO> Closing connection with fd 11
Sun Oct 31 20:35:35 2021
<INFO> Closing connection with fd 11
Sun Oct 31 20:35:35 2021
<INFO> New conection with fd: 6
Sun Oct 31 20:35:35 2021
<INFO> New conection with fd: 6
Sun Oct 31 20:35:35 2021
<INFO> New conection with fd: 6
Sun Oct 31 20:35:35 2021
<INFO> New conection with fd: 7
Sun Oct 31 20:35:35 2021
<INFO> New conection with fd: 7
Sun Oct 31 20:35:35 2021
<INFO> New conection with fd: 7
Sun Oct 31 20:35:35 2021
<INFO> New conection with fd: 8
Sun Oct 31 20:35:35 2021
<INFO> method = GET, uri = /
Sun Oct 31 20:35:35 2021
<INFO> method = GET, uri = /
Sun Oct 31 20:35:35 2021
<INFO> method = GET, uri = /
Sun Oct 31 20:35:35 2021
<INFO> Response 200: OK
Sun Oct 31 20:35:35 2021
<INFO> Response 200: OK
Sun Oct 31 20:35:35 2021
<INFO> New conection with fd: 10
Sun Oct 31 20:35:35 2021
<INFO> method = GET, uri = /
Sun Oct 31 20:35:35 2021
<INFO> Closing connection with fd 5
Sun Oct 31 20:35:35 2021
<INFO> Response 200: OK
Sun Oct 31 20:35:35 2021
<INFO> Response 200: OK
Sun Oct 31 20:35:35 2021
<INFO> Closing connection with fd 9
Sun Oct 31 20:35:35 2021
<INFO> Closing connection with fd 9
Sun Oct 31 20:35:35 2021
<INFO> Closing connection with fd 9
Sun Oct 31 20:35:35 2021
<INFO> Response 200: OK
Sun Oct 31 20:35:35 2021
<INFO> Response 200: OK
Sun Oct 31 20:35:35 2021
<INFO> Closing connection with fd 7
Sun Oct 31 20:35:35 2021
<INFO> Closing connection with fd 7
Sun Oct 31 20:35:35 2021
<INFO> Closing connection with fd 10
Sun Oct 31 20:35:35 2021
<INFO> New conection with fd: 5
Sun Oct 31 20:35:35 2021
<INFO> Response 200: OK
Sun Oct 31 20:35:35 2021
<INFO> New conection with fd: 6
Sun Oct 31 20:35:35 2021
<INFO> method = GET, uri = /
Sun Oct 31 20:35:35 2021
<INFO> method = GET, uri = /
Sun Oct 31 20:35:35 2021
<INFO> method = GET, uri = /
Sun Oct 31 20:35:35 2021
<INFO> method = GET, uri = /
Sun Oct 31 20:35:35 2021
<INFO> Response 200: OK
Sun Oct 31 20:35:35 2021
<INFO> Response 200: OK
Sun Oct 31 20:35:35 2021
<INFO> Closing connection with fd 5
Sun Oct 31 20:35:35 2021
<INFO> Closing connection with fd 7
Sun Oct 31 20:35:35 2021
<INFO> New conection with fd: 8
Sun Oct 31 20:35:35 2021
<INFO> New conection with fd: 5
Sun Oct 31 20:35:35 2021
<INFO> New conection with fd: 7
Sun Oct 31 20:35:35 2021
<INFO> New conection with fd: 7
Sun Oct 31 20:35:35 2021
<INFO> Closing connection with fd 6
Sun Oct 31 20:35:35 2021
<INFO> method = GET, uri = /
Sun Oct 31 20:35:35 2021
<INFO> method = GET, uri = /
Sun Oct 31 20:35:35 2021
<INFO> New conection with fd: 6
Sun Oct 31 20:35:35 2021
<INFO> method = GET, uri = /
Sun Oct 31 20:35:35 2021
<INFO> New conection with fd: 10
Sun Oct 31 20:35:35 2021
<INFO> method = GET, uri = /
Sun Oct 31 20:35:35 2021
<INFO> method = GET, uri = /
Sun Oct 31 20:35:35 2021
<INFO> Response 200: OK
Sun Oct 31 20:35:35 2021
<INFO> Response 200: OK
Sun Oct 31 20:35:35 2021
<INFO> Closing connection with fd 7
Sun Oct 31 20:35:35 2021
<INFO> Closing connection with fd 9
Sun Oct 31 20:35:35 2021
<INFO> method = GET, uri = /
Sun Oct 31 20:35:35 2021
<INFO> New conection with fd: 10
Sun Oct 31 20:35:35 2021
<INFO> method = GET, uri = /
Sun Oct 31 20:35:35 2021
<INFO> Closing connection with fd 8
Sun Oct 31 20:35:35 2021
<INFO> Closing connection with fd 5
Sun Oct 31 20:35:35 2021
<INFO> New conection with fd: 11
Sun Oct 31 20:35:35 2021
<INFO> New conection with fd: 11
Sun Oct 31 20:35:35 2021
<INFO> Closing connection with fd 10
Sun Oct 31 20:35:35 2021
<INFO> New conection with fd: 11
Sun Oct 31 20:35:35 2021
<INFO> Closing connection with fd 10
Sun Oct 31 20:35:35 2021
<INFO> Closing connection with fd 10
Sun Oct 31 20:35:35 2021
<INFO> New conection with fd: 5
Sun Oct 31 20:35:35 2021
<INFO> New conection with fd: 6
Sun Oct 31 20:35:35 2021
<INFO> New conection with fd: 6
Sun Oct 31 20:35:35 2021
<INFO> New conection with fd: 7
Sun Oct 31 20:35:35 2021
<INFO> New conection with fd: 9
Sun Oct 31 20:35:35 2021
<INFO> method = GET, uri = /
Sun Oct 31 20:35:35 2021
<INFO> Response 200: OK
Sun Oct 31 20:35:35 2021
<INFO> method = GET, uri = /
Sun Oct 31 20:35:35 2021
<INFO> Response 200: OK
Sun Oct 31 20:35:35 2021
<INFO> New conection with fd: 8
Sun Oct 31 20:35:35 2021
<INFO> New conection with fd: 8
Sun Oct 31 20:35:35 2021
<INFO> New conection with fd: 8
Sun Oct 31 20:35:35 2021
<INFO> method = GET, uri = /
Sun Oct 31 20:35:35 2021
<INFO> Response 200: OK
Sun Oct 31 20:35:35 2021
<INFO> Closing connection with fd 7
Sun Oct 31 20:35:35 2021
<INFO> Closing connection with fd 7
Sun Oct 31 20:35:35 2021
<INFO> Closing connection with fd 7
Sun Oct 31 20:35:35 2021
<INFO> Closing connection with fd 7
Sun Oct 31 20:35:35 2021
<INFO> method = GET, uri = /
Sun Oct 31 20:35:35 2021
<INFO> Closing connection with fd 11
Sun Oct 31 20:35:35 2021
<INFO> New conection with fd: 10
Sun Oct 31 20:35:35 2021
<INFO> Closing connection with fd 6
Sun Oct 31 20:35:35 2021
<INFO> Closing connection with fd 7
Sun Oct 31 20:35:35 2021
<INFO> Closing connection with fd 8
Sun Oct 31 20:35:35 2021
<INFO> Closing connection with fd 9
Sun Oct 31 20:35:35 2021
<INFO> Response 200: OK
Sun Oct 31 20:35:35 2021
<INFO> Closing connection with fd 6
Sun Oct 31 20:35:35 2021
<INFO> Closing connection with fd 5
Sun Oct 31 20:35:35 2021
<INFO> New conection with fd: 10
Sun Oct 31 20:35:35 2021
<INFO> New conection with fd: 5
Sun Oct 31 20:35:35 2021
<INFO> New conection with fd: 5
Sun Oct 31 20:35:35 2021
<INFO> method = GET, uri = /
Sun Oct 31 20:35:35 2021
<INFO> Response 200: OK
Sun Oct 31 20:35:35 2021
<INFO> Response 200: OK
Sun Oct 31 20:35:35 2021
<INFO> Response 200: OK
Sun Oct 31 20:35:35 2021
<INFO> Closing connection with fd 10
Sun Oct 31 20:35:35 2021
<INFO> New conection with fd: 6
Sun Oct 31 20:35:35 2021
<INFO> New conection with fd: 7
Sun Oct 31 20:35:35 2021
<INFO> method = GET, uri = /
Sun Oct 31 20:35:35 2021
<INFO> method = GET, uri = /
Sun Oct 31 20:35:35 2021
<INFO> Response 200: OK
Sun Oct 31 20:35:35 2021
<INFO> Response 200: OK
Sun Oct 31 20:35:35 2021
<INFO> Closing connection with fd 6
Sun Oct 31 20:35:35 2021
<INFO> method = GET, uri = /
Sun Oct 31 20:35:35 2021
<INFO> Response 200: OK
Sun Oct 31 20:35:35 2021
<INFO> Response 200: OK
Sun Oct 31 20:35:35 2021
<INFO> Closing connection with fd 7
Sun Oct 31 20:35:35 2021
<INFO> New conection with fd: 5
Sun Oct 31 20:35:35 2021
<INFO> New conection with fd: 6
Sun Oct 31 20:35:35 2021
<INFO> New conection with fd: 7
Sun Oct 31 20:35:35 2021
<INFO> method = GET, uri = /
Sun Oct 31 20:35:35 2021
<INFO> method = GET, uri = /
Sun Oct 31 20:35:35 2021
<INFO> Response 200: OK
Sun Oct 31 20:35:35 2021
<INFO> Closing connection with fd 6
Sun Oct 31 20:35:35 2021
<INFO> New conection with fd: 8
Sun Oct 31 20:35:35 2021
<INFO> Response 200: OK
Sun Oct 31 20:35:35 2021
<INFO> New conection with fd: 6
Sun Oct 31 20:35:35 2021
<INFO> Closing connection with fd 5
Sun Oct 31 20:35:35 2021
<INFO> New conection with fd: 9
Sun Oct 31 20:35:35 2021
<INFO> method = GET, uri = /
Sun Oct 31 20:35:35 2021
<INFO> New conection with fd: 5
Sun Oct 31 20:35:35 2021
<INFO> method = GET, uri = /
Sun Oct 31 20:35:35 2021
<INFO> method = GET, uri = /
Sun Oct 31 20:35:35 2021
<INFO> New conection with fd: 10
Sun Oct 31 20:35:35 2021
<INFO> New conection with fd: 10
Sun Oct 31 20:35:35 2021
<INFO> Response 200: OK
Sun Oct 31 20:35:35 2021
<INFO> New conection with fd: 11
Sun Oct 31 20:35:35 2021
<INFO> Response 200: OK
Sun Oct 31 20:35:35 2021
<INFO> Response 200: OK
Sun Oct 31 20:35:35 2021
<INFO> method = GET, uri = /
Sun Oct 31 20:35:35 2021
<INFO> method = GET, uri = /
Sun Oct 31 20:35:35 2021
<INFO> New conection with fd: 5
Sun Oct 31 20:35:35 2021
<INFO> New conection with fd: 13
Sun Oct 31 20:35:35 2021
<INFO> New conection with fd: 13
Sun Oct 31 20:35:35 2021
<INFO> Response 200: OK
Sun Oct 31 20:35:35 2021
<INFO> method = GET, uri = /
Sun Oct 31 20:35:35 2021
<INFO> Closing connection with fd 7
Sun Oct 31 20:35:35 2021
<INFO> method = GET, uri = /
Sun Oct 31 20:35:35 2021
<INFO> method = GETn with fd: 7
Sun Oct 31 20:35:35 2021
<INFO> Closing connection with fd 6
Sun Oct 31 20:35:35 2021
<INFO> method = GET, uri = /
Sun Oct 31 20:35:35 2021
<INFO> Response 200: OK
Sun Oct 31 20:35:35 2021
<INFO> method = GET, uri = /
Sun Oct 31 20:35:35 2021
<INFO> Closing connection with fd 5
Sun Oct 31 20:35:35 2021
<INFO> method = GET, uri = /
Sun Oct 31 20:35:35 2021
<INFO> Closing connection with fd 5
Sun Oct 31 20:35:35 2021
<INFO> Response 200: OK
Sun Oct 31 20:35:35 2021
<INFO> method = GET, uri = /
Sun Oct 31 20:35:35 2021
<INFO> method = GET, uri = /
Sun Oct 31 20:35:35 2021
<INFO> Closing connection with fd 8
Sun Oct 31 20:35:35 2021
<INFO> method = GET, uri = /
Sun Oct 31 20:35:35 2021
<INFO> Response 200: OK
Sun Oct 31 20:35:35 2021
<INFO> method = GET, uri = /
Sun Oct 31 20:35:35 2021
<INFO> Response 200: OK
Sun Oct 31 20:35:35 2021
<INFO> Response 200: OK
Sun Oct 31 20:35:35 2021
<INFO> Response 200: OK
Sun Oct 31 20:35:35 2021
<INFO> Response 200: OK
Sun Oct 31 20:35:35 2021
<INFO> Closing connection with fd 7
Sun Oct 31 20:35:35 2021
<INFO> Response 200: OK
Sun Oct 31 20:35:35 2021
<INFO> Closing connection with fd 10
Sun Oct 31 20:35:35 2021
<INFO> method = GET, uri = /
Sun Oct 31 20:35:35 2021
<INFO> Response 200: OK
Sun Oct 31 20:35:35 2021
<INFO> Closing connection with fd 14
Sun Oct 31 20:35:35 2021
<INFO> New conection with fd: 6
Sun Oct 31 20:35:35 2021
<INFO> New conection with fd: 7
Sun Oct 31 20:35:35 2021
<INFO> method = GET, uri = /
Sun Oct 31 20:35:35 2021
<INFO> New conection with fd: 8
Sun Oct 31 20:35:35 2021
<INFO> method = GET, uri = /
Sun Oct 31 20:35:35 2021
<INFO> Response 200: OK
Sun Oct 31 20:35:35 2021
<INFO> Closing connection with fd 6
Sun Oct 31 20:35:35 2021
<INFO> New conection with fd: 6
Sun Oct 31 20:35:35 2021
<INFO> New conection with fd: 6
Sun Oct 31 20:35:35 2021
<INFO> New conection with fd: 6
Sun Oct 31 20:35:35 2021
<INFO> Closing connection with fd 7
Sun Oct 31 20:35:35 2021
<INFO> method = GET, uri = /
Sun Oct 31 20:35:35 2021
<INFO> Closing connection with fd 5
Sun Oct 31 20:35:35 2021
<INFO> method = GET, uri = /
Sun Oct 31 20:35:35 2021
<INFO> New conection with fd: 5
Sun Oct 31 20:35:35 2021
<INFO> Closing connection with fd 12
Sun Oct 31 20:35:35 2021
<INFO> Closing connection with fd 12
Sun Oct 31 20:35:35 2021
<INFO> New conection with fd: 9
Sun Oct 31 20:35:35 2021
<INFO> method = GET, uri = /
Sun Oct 31 20:35:35 2021
<INFO> method = GET, uri = /
Sun Oct 31 20:35:35 2021
<INFO> method = GET, uri = /
Sun Oct 31 20:35:35 2021
<INFO> Response 200: OK
Sun Oct 31 20:35:35 2021
<INFO> Closing connection with fd 8
Sun Oct 31 20:35:35 2021
<INFO> New conection with fd: 10
Sun Oct 31 20:35:35 2021
<INFO> New conection with fd: 10
Sun Oct 31 20:35:35 2021
<INFO> New conection with fd: 10
Sun Oct 31 20:35:35 2021
<INFO> Closing connection with fd 7
Sun Oct 31 20:35:35 2021
<INFO> Closing connection with fd 7
Sun Oct 31 20:35:35 2021
<INFO> Closing connection with fd 7
Sun Oct 31 20:35:35 2021
<INFO> New conection with fd: 5
Sun Oct 31 20:35:35 2021
<INFO> method = GET, uri = /
Sun Oct 31 20:35:35 2021
<INFO> method = GET, uri = /
Sun Oct 31 20:35:35 2021
<INFO> New conection with fd: 8
Sun Oct 31 20:35:35 2021
<INFO> New conection with fd: 8
Sun Oct 31 20:35:35 2021
<INFO> Response 200: OK
Sun Oct 31 20:35:35 2021
<INFO> Closing connection with fd 9
Sun Oct 31 20:35:35 2021
<INFO> New conection with fd: 9
Sun Oct 31 20:35:35 2021
<INFO> Response tion with fd: 9
Sun Oct 31 20:35:35 2021
<INFO> Response 200: OK
Sun Oct 31 20:35:35 2021
<INFO> method = GET, uri = /
Sun Oct 31 20:35:35 2021
<INFO> Closing connection with fd 10
Sun Oct 31 20:35:35 2021
<INFO> Closing connection with fd 6
Sun Oct 31 20:35:35 2021
<INFO> Closing connection with fd 6
Sun Oct 31 20:35:35 2021
<INFO> Response 200: OK
Sun Oct 31 20:35:35 2021
<INFO> Response 200: OK
Sun Oct 31 20:35:35 2021
<INFO> Closing connection with fd 9
Sun Oct 31 20:35:35 2021
<INFO> Closing connection with fd 6
Sun Oct 31 20:35:35 2021
<INFO> Closing connection with fd 10
Sun Oct 31 20:35:35 2021
<INFO> New conection with fd: 6
Sun Oct 31 20:35:35 2021
<INFO> Response 200: OK
Sun Oct 31 20:35:35 2021
<INFO> Closing connection with fd 11
Sun Oct 31 20:35:35 2021
<INFO> Response 200: OK
Sun Oct 31 20:35:35 2021
<INFO> Response 200: OK
Sun Oct 31 20:35:35 2021
<INFO> New conection with fd: 6
Sun Oct 31 20:35:35 2021
<INFO> New conection with fd: 9
Sun Oct 31 20:35:35 2021
<INFO> Closing connection with fd 8
Sun Oct 31 20:35:35 2021
<INFO> New conection with fd: 9
Sun Oct 31 20:35:35 2021
<INFO> Closing connection with fd 7
Sun Oct 31 20:35:35 2021
<INFO> method = GET, uri = /
Sun Oct 31 20:35:35 2021
<INFO> Response 200: OK
Sun Oct 31 20:35:35 2021
<INFO> Closing connection with fd 6
Sun Oct 31 20:35:35 2021
<INFO> New conection with fd: 5
Sun Oct 31 20:35:35 2021
<INFO> New conection with fd: 6
Sun Oct 31 20:35:35 2021
<INFO> method = GET, uri = /
Sun Oct 31 20:35:35 2021
<INFO> method = GET, uri = /
Sun Oct 31 20:35:35 2021
<INFO> Response 200: OK
Sun Oct 31 20:35:35 2021
<INFO> Response 200: OK
Sun Oct 31 20:35:35 2021
<INFO> Closing connection with fd 5
Sun Oct 31 20:35:35 2021
<INFO> New conection with fd: 7
Sun Oct 31 20:35:35 2021
<INFO> New conection with fd: 5
Sun Oct 31 20:35:35 2021
<INFO> Closing connection with fd 9
Sun Oct 31 20:35:35 2021
<INFO> New conection with fd: 8
Sun Oct 31 20:35:35 2021
<INFO> New conection with fd: 9
Sun Oct 31 20:35:35 2021
<INFO> method = GET, uri = /
Sun Oct 31 20:35:35 2021
<INFO> method = GET, uri = /
Sun Oct 31 20:35:35 2021
<INFO> Response 200: OK
Sun Oct 31 20:35:35 2021
<INFO> method = GET, uri = /
Sun Oct 31 20:35:35 2021
<INFO> Closing connection with fd 7
Sun Oct 31 20:35:35 2021
<INFO> method = GET, uri = /
Sun Oct 31 20:35:35 2021
<INFO> method = GET, uri = /
Sun Oct 31 20:35:35 2021
<INFO> Response 200: OK
Sun Oct 31 20:35:35 2021
<INFO> Closing connection with fd 8
Sun Oct 31 20:35:35 2021
<INFO> Closing connection with fd 8
Sun Oct 31 20:35:35 2021
<INFO> Closing c200: OK
Sun Oct 31 20:35:35 2021
<INFO> New conection with fd: 10
Sun Oct 31 20:35:35 2021
<INFO> New conection with fd: 5
Sun Oct 31 20:35:35 2021
<INFO> New conection with fd: 5
Sun Oct 31 20:35:35 2021
<INFO> Closing connection with fd 9
Sun Oct 31 20:35:35 2021
<INFO> New conection with fd: 7
Sun Oct 31 20:35:35 2021
<INFO> New conection with fd: 8
Sun Oct 31 20:35:35 2021
<INFO> method = GET, uri = /
Sun Oct 31 20:35:35 2021
<INFO> method = GET, uri = /
Sun Oct 31 20:35:35 2021
<INFO> New conection with fd: 9
Sun Oct 31 20:35:35 2021
<INFO> New conection with fd: 9
Sun Oct 31 20:35:35 2021
<INFO> Closing connection with fd 6
Sun Oct 31 20:35:35 2021
<INFO> Response 200: OK
Sun Oct 31 20:35:35 2021
<INFO> Response 200: OK
Sun Oct 31 20:35:35 2021
<INFO> Response 200: OK
Sun Oct 31 20:35:35 2021
<INFO> Response 200: OK
Sun Oct 31 20:35:35 2021
<INFO> method = GET, uri = /
Sun Oct 31 20:35:35 2021
<INFO> Closing connection with fd 7
Sun Oct 31 20:35:35 2021
<INFO> Closing connection with fd 7
Sun Oct 31 20:35:35 2021
<INFO> Closing connection with fd 5
Sun Oct 31 20:35:35 2021
<INFO> Response 200: OK
Sun Oct 31 20:35:35 2021
<INFO> Closing connection with fd 8
Sun Oct 31 20:35:35 2021
<INFO> New conection with fd: 11
Sun Oct 31 20:35:35 2021
<INFO> New conection with fd: 5
Sun Oct 31 20:35:35 2021
<INFO> New conection with fd: 5
Sun Oct 31 20:35:35 2021
<INFO> Closing connection with fd 9
Sun Oct 31 20:35:35 2021
<INFO> Response 200: OK
Sun Oct 31 20:35:35 2021
<INFO> Closing connection with fd 9
Sun Oct 31 20:35:35 2021
<INFO> New conection with fd: 6
Sun Oct 31 20:35:35 2021
<INFO> method = GET, uri = /
Sun Oct 31 20:35:35 2021
<INFO> method = GET, uri = /
Sun Oct 31 20:35:35 2021
<INFO> Response 200: OK
Sun Oct 31 20:35:35 2021
<INFO> method = GET, uri = /
Sun Oct 31 20:35:35 2021
<INFO> Response 200: OK
Sun Oct 31 20:35:35 2021
<INFO> Response 200: OK
Sun Oct 31 20:35:35 2021
<INFO> Closing connection with fd 11
Sun Oct 31 20:35:35 2021
<INFO> Closing connection with fd 6
Sun Oct 31 20:35:35 2021
<INFO> Closing connection with fd 6
Sun Oct 31 20:35:35 2021
<INFO> New conection with fd: 6
Sun Oct 31 20:35:35 2021
<INFO> New conection with fd: 7
Sun Oct 31 20:35:35 2021
<INFO> Response 200: OK
Sun Oct 31 20:35:35 2021
<INFO> method = GET, uri = /
Sun Oct 31 20:35:35 2021
<INFO> method = GET, uri = /
Sun Oct 31 20:35:35 2021
<INFO> method = GET, uri = /
Sun Oct 31 20:35:35 2021
<INFO> method = GET, uri = /
Sun Oct 31 20:35:35 2021
<INFO> Response 200: OK
Sun Oct 31 20:35:35 2021
<INFO> Closing connection with fd 6
Sun Oct 31 20:35:35 2021
<INFO> method = GET, uri = /
Sun Oct 31 20:35:35 2021
<INFO> New conection with fd: 5
Sun Oct 31 20:35:35 2021
<INFO> Closing connection with fd 7
Sun Oct 31 20:35:35 2021
<INFO> Closing connection with fd 7
Sun Oct 31 20:35:35 2021
<INFO> New conection with fd: 6
Sun Oct 31 20:35:35 2021
<INFO> method = GET, uri = /
Sun Oct 31 20:35:35 2021
<INFO> method = GET, uri = /
Sun Oct 31 20:35:35 2021
<INFO> method = GET, uri = /
Sun Oct 31 20:35:35 2021
<INFO> New conection with fd: 7
Sun Oct 31 20:35:35 2021
<INFO> Closing connection with fd 8
Sun Oct 31 20:35:35 2021
<INFO> method = GET, uri = /
Sun Oct 31 20:35:35 2021
<INFO> method = GET, uri = /
Sun Oct 31 20:35:35 2021
<INFO> Response 200: OK
Sun Oct 31 20:35:35 2021
<INFO> Closing connection with fd 7
Sun Oct 31 20:35:35 2021
<INFO> New conection with fd: 9
Sun Oct 31 20:35:35 2021
<INFO> New conection with fd: 10
Sun Oct 31 20:35:35 2021
<INFO> Response 200: OK
Sun Oct 31 20:35:35 2021
<INFO> Closing connection with fd 8
Sun Oct 31 20:35:35 2021
<INFO> Closing connection with fd 8
Sun Oct 31 20:35:35 2021
<INFO> Closing connection with fd 8
Sun Oct 31 20:35:35 2021
<INFO> method = GET, uri = /
Sun Oct 31 20:35:35 2021
<INFO> method = GET, uri = /
Sun Oct 31 20:35:35 2021
<INFO> New conection with fd: 8
Sun Oct 31 20:35:35 2021
<INFO> New conection with fd: 8
Sun Oct 31 20:35:35 2021
<INFO> Response 200: OK
Sun Oct 31 20:35:35 2021
<INFO> Closing connection with fd 10
Sun Oct 31 20:35:35 2021
<INFO> method = GET, uri = /
Sun Oct 31 20:35:35 2021
<INFO> method = GET, uri = /
Sun Oct 31 20:35:35 2021
<INFO> Response 200: OK
Sun Oct 31 20:35:35 2021
<INFO> method = GET, uri = /
Sun Oct 31 20:35:35 2021
<INFO> method = GET, uri = /
Sun Oct 31 20:35:35 2021
<INFO> method = GET, uri = /
Sun Oct 31 20:35:35 2021
<INFO> Closing connection with fd 7
Sun Oct 31 20:35:35 2021
<INFO> Response 200: OK
Sun Oct 31 20:35:35 2021
<INFO> Closing connection with fd 8
Sun Oct 31 20:35:35 2021
<INFO> New conection with fd: 7
Sun Oct 31 20:35:35 2021
<INFO> New conection with fd: 8
Sun Oct 31 20:35:35 2021
<INFO> method = GET, uri = /
Sun Oct 31 20:35:35 2021
<INFO> New conection with fd: 9
Sun Oct 31 20:35:35 2021
<INFO> method = GET, uri = /
Sun Oct 31 20:35:35 2021
<INFO> Closing connection with fd 11
Sun Oct 31 20:35:35 2021
<INFO> Closing connection with fd 11
Sun Oct 31 20:35:35 2021
<INFO> method = GET, uri = /
Sun Oct 31 20:35:35 2021
<INFO> Response 200: OK
Sun Oct 31 20:35:35 2021
<INFO> Closing connection with fd 7
Sun Oct 31 20:35:35 2021
<INFO> Response 200: OK
Sun Oct 31 20:35:35 2021
<INFO> New conection with fd: 10d 8
Sun Oct 31 20:35:35 2021
<INFO> New conection with fd: 10
Sun Oct 31 20:35:35 2021
<INFO> method = GET, uri = /
Sun Oct 31 20:35:35 2021
<INFO> method = GET, uri = /
Sun Oct 31 20:35:35 2021
<INFO> method = GET, uri = /
Sun Oct 31 20:35:35 2021
<INFO> Response 200: OK
Sun Oct 31 20:35:35 2021
<INFO> Closing connection with fd 9
Sun Oct 31 20:35:35 2021
<INFO> Response 200: OK
Sun Oct 31 20:35:35 2021
<INFO> Closing connection with fd 10
Sun Oct 31 20:35:35 2021
<INFO> New conection with fd: 8
Sun Oct 31 20:35:35 2021
<INFO> method = GET, uri = /
Sun Oct 31 20:35:35 2021
<INFO> method = GET, uri = /
Sun Oct 31 20:35:35 2021
<INFO> Response 200: OK
Sun Oct 31 20:35:35 2021
<INFO> Response 200: OK
Sun Oct 31 20:35:35 2021
<INFO> Closing connection with fd 7
Sun Oct 31 20:35:35 2021
<INFO> method = GET, uri = /
Sun Oct 31 20:35:35 2021
<INFO> New conection with fd: 7
Sun Oct 31 20:35:35 2021
<INFO> New conection with fd: 7
Sun Oct 31 20:35:35 2021
<INFO> Response 200: OK
Sun Oct 31 20:35:35 2021
<INFO> Closing connection with fd 8
Sun Oct 31 20:35:35 2021
<INFO> Response 200: OK
Sun Oct 31 20:35:35 2021
<INFO> method = GET, uri = /
Sun Oct 31 20:35:35 2021
<INFO> Closing connection with fd 9
Sun Oct 31 20:35:35 2021
<INFO> Response 200: OK
Sun Oct 31 20:35:35 2021
<INFO> Closing connection with fd 11
Sun Oct 31 20:35:35 2021
<INFO> Closing connection with fd 11
Sun Oct 31 20:35:35 2021
<INFO> Closing connection with fd 11
Sun Oct 31 20:35:35 2021
<INFO> method = GET, uri = /
Sun Oct 31 20:35:35 2021
<INFO> Closing connection with fd 11
Sun Oct 31 20:35:35 2021
<INFO> Response 200: OK
Sun Oct 31 20:35:35 2021
<INFO> Closing connection with fd 6
Sun Oct 31 20:35:35 2021
<INFO> Response 200: OK
Sun Oct 31 20:35:35 2021
<INFO> Closing connection with fd 7
Sun Oct 31 20:35:35 2021
<INFO> New conection with fd: 5
Sun Oct 31 20:35:35 2021
<INFO> New conection with fd: 6
Sun Oct 31 20:35:35 2021
<INFO> method = GET, uri = /
Sun Oct 31 20:35:35 2021
<INFO> method = GET, uri = /
Sun Oct 31 20:35:35 2021
<INFO> method = GET, uri = /
Sun Oct 31 20:35:35 2021
<INFO> Response 200: OK
Sun Oct 31 20:35:35 2021
<INFO> Closing connection with fd 8
Sun Oct 31 20:35:35 2021
<INFO> method = GET, uri = /
Sun Oct 31 20:35:35 2021
<INFO> Closing connection with fd 5
Sun Oct 31 20:35:35 2021
<INFO> New conection with fd: 5
Sun Oct 31 20:35:35 2021
<INFO> New conection with fd: 5
Sun Oct 31 20:35:35 2021
<INFO> New conection with fd: 8
Sun Oct 31 20:35:35 2021
<INFO> method = GET, uri = /
Sun Oct 31 20:35:35 2021
<INFO> method = GET, uri = /
Sun Oct 31 20:35:35 2021
<INFO> Response 200: OK
Sun Oct 31 20:35:35 2021
<INFO> Closing connection with fd 5
Sun Oct 31 20:35:35 2021
<INFO> Response tion with fd: 9
Sun Oct 31 20:35:35 2021
<INFO> method = GET, uri = /
Sun Oct 31 20:35:35 2021
<INFO> New conection with fd: 5
Sun Oct 31 20:35:35 2021
<INFO> Closing connection with fd 7
Sun Oct 31 20:35:35 2021
<INFO> Response 200: OK
Sun Oct 31 20:35:35 2021
<INFO> Closing connection with fd 8
Sun Oct 31 20:35:35 2021
<INFO> Response 200: OK
Sun Oct 31 20:35:35 2021
<INFO> New conection with fd: 5
Sun Oct 31 20:35:35 2021
<INFO> Closing connection with fd 6
Sun Oct 31 20:35:35 2021
<INFO> method = GET, uri = /
Sun Oct 31 20:35:35 2021
<INFO> method = GET, uri = /
Sun Oct 31 20:35:35 2021
<INFO> method = GET, uri = /
Sun Oct 31 20:35:35 2021
<INFO> method = GET, uri = /
Sun Oct 31 20:35:35 2021
<INFO> Response 200: OK
Sun Oct 31 20:35:35 2021
<INFO> New conection with fd: 7
Sun Oct 31 20:35:35 2021
<INFO> Closing connection with fd 5
Sun Oct 31 20:35:35 2021
<INFO> Response 200: OK
Sun Oct 31 20:35:35 2021
<INFO> method = GET, uri = /
Sun Oct 31 20:35:35 2021
<INFO> Closing connection with fd 9
Sun Oct 31 20:35:35 2021
<INFO> Closing connection with fd 6
Sun Oct 31 20:35:35 2021
<INFO> Closing connection with fd 6
Sun Oct 31 20:35:35 2021
<INFO> Closing connection with fd 6
Sun Oct 31 20:35:35 2021
<INFO> Response 200: OK
Sun Oct 31 20:35:35 2021
<INFO> Closing connection with fd 7
Sun Oct 31 20:35:35 2021
<INFO> Closing connection with fd 7
Sun Oct 31 20:35:35 2021
<INFO> New conection with fd: 6
Sun Oct 31 20:35:35 2021
<INFO> method = GET, uri = /
Sun Oct 31 20:35:35 2021
<INFO> New conection with fd: 7
Sun Oct 31 20:35:35 2021
<INFO> Response 200: OK
Sun Oct 31 20:35:35 2021
<INFO> Response 200: OK
Sun Oct 31 20:35:35 2021
<INFO> Response 200: OK
Sun Oct 31 20:35:35 2021
<INFO> Closing connection with6
Sun Oct 31 20:35:35 2021
<INFO> Closing connection with6
Sun Oct 31 20:35:35 2021
<INFO> method = GET, uri = /
Sun Oct 31 20:35:35 2021
<INFO> method = GET, uri = /
Sun Oct 31 20:35:35 2021
<INFO> Response 200: OK
Sun Oct 31 20:35:35 2021
<INFO> Response 200: OK
Sun Oct 31 20:35:35 2021
<INFO> Closing connection with fd 7
Sun Oct 31 20:35:35 2021
<INFO> New conection with fd: 8
Sun Oct 31 20:35:35 2021
<INFO> Closing connection with fd 6
Sun Oct 31 20:35:35 2021
<INFO> Closing connection with fd 6
Sun Oct 31 20:35:35 2021
<INFO> method = GET, uri = /
Sun Oct 31 20:35:35 2021
<INFO> method = GET, uri = /
Sun Oct 31 20:35:35 2021
<INFO> method = GET, uri = /
Sun Oct 31 20:35:35 2021
<INFO> method = GET, uri = /
Sun Oct 31 20:35:35 2021
<INFO> method = GET, uri = /
Sun Oct 31 20:35:35 2021
<INFO> Response 200: OK
Sun Oct 31 20:35:35 2021
<INFO> Closing connection with fd 5
Sun Oct 31 20:35:35 2021
<INFO> Closing connection with fd 5
Sun Oct 31 20:35:35 2021
<INFO> Closing connection with fd 5
Sun Oct 31 20:35:35 2021
<INFO> Closing connection with fd 6
Sun Oct 31 20:35:35 2021
<INFO> Closing connection with fd 5
Sun Oct 31 20:35:35 2021
<INFO> Closing connection with fd 6
Sun Oct 31 20:35:35 2021
<INFO> Response 200: OK
Sun Oct 31 20:35:35 2021
<INFO> New conection with fd: 5
Sun Oct 31 20:35:35 2021
<INFO> Closing connection with fd 7
Sun Oct 31 20:35:35 2021
<INFO> method = GET, uri = /
Sun Oct 31 20:35:35 2021
<INFO> Response 200: OK
Sun Oct 31 20:35:35 2021
<INFO> Closing connection with fd 5
