
Profiling started at Sun Oct 31 07:06:55 2021
Profiling stopped at Sun Oct 31 07:07:37 2021

-- OProfile/operf Statistics --
Nr. non-backtrace samples: 2487
Nr. kernel samples: 2093
Nr. user space samples: 394
Nr. samples lost due to sample address not in expected range for domain: 0
Nr. lost kernel samples: 0
Nr. samples lost due to sample file open failure: 0
Nr. samples lost due to no permanent mapping: 0
Nr. user context kernel samples lost due to no app info available: 0
Nr. user samples lost due to no app info available: 0
Nr. backtraces skipped due to no file mapping: 0
Nr. hypervisor samples dropped due to address out-of-range: 0
Nr. samples lost reported by perf_events kernel: 0

Profiling started at Sun Oct 31 07:10:27 2021
Profiling stopped at Sun Oct 31 07:11:55 2021

-- OProfile/operf Statistics --
Nr. non-backtrace samples: 523070
Nr. kernel samples: 411300
Nr. user space samples: 111770
Nr. samples lost due to sample address not in expected range for domain: 0
Nr. lost kernel samples: 0
Nr. samples lost due to sample file open failure: 0
Nr. samples lost due to no permanent mapping: 0
Nr. user context kernel samples lost due to no app info available: 0
Nr. user samples lost due to no app info available: 0
Nr. backtraces skipped due to no file mapping: 0
Nr. hypervisor samples dropped due to address out-of-range: 0
Nr. samples lost reported by perf_events kernel: 0

Profiling started at Sun Oct 31 07:15:10 2021
Profiling stopped at Sun Oct 31 07:16:03 2021

-- OProfile/operf Statistics --
Nr. non-backtrace samples: 524174
Nr. kernel samples: 413099
Nr. user space samples: 111075
Nr. samples lost due to sample address not in expected range for domain: 0
Nr. lost kernel samples: 0
Nr. samples lost due to sample file open failure: 0
Nr. samples lost due to no permanent mapping: 0
Nr. user context kernel samples lost due to no app info available: 0
Nr. user samples lost due to no app info available: 0
Nr. backtraces skipped due to no file mapping: 0
Nr. hypervisor samples dropped due to address out-of-range: 0
Nr. samples lost reported by perf_events kernel: 0

Profiling started at Sun Oct 31 07:24:16 2021
Profiling stopped at Sun Oct 31 07:24:22 2021

-- OProfile/operf Statistics --
Nr. non-backtrace samples: 35
Nr. kernel samples: 31
Nr. user space samples: 4
Nr. samples lost due to sample address not in expected range for domain: 0
Nr. lost kernel samples: 0
Nr. samples lost due to sample file open failure: 0
Nr. samples lost due to no permanent mapping: 0
Nr. user context kernel samples lost due to no app info available: 0
Nr. user samples lost due to no app info available: 0
Nr. backtraces skipped due to no file mapping: 0
Nr. hypervisor samples dropped due to address out-of-range: 0
Nr. samples lost reported by perf_events kernel: 0

Profiling started at Sun Oct 31 07:24:46 2021
Profiling stopped at Sun Oct 31 07:27:14 2021

-- OProfile/operf Statistics --
Nr. non-backtrace samples: 526450
Nr. kernel samples: 414902
Nr. user space samples: 111548
Nr. samples lost due to sample address not in expected range for domain: 0
Nr. lost kernel samples: 0
Nr. samples lost due to sample file open failure: 0
Nr. samples lost due to no permanent mapping: 0
Nr. user context kernel samples lost due to no app info available: 0
Nr. user samples lost due to no app info available: 0
Nr. backtraces skipped due to no file mapping: 0
Nr. hypervisor samples dropped due to address out-of-range: 0
Nr. samples lost reported by perf_events kernel: 0

Profiling started at Sun Oct 31 07:31:33 2021
Profiling stopped at Sun Oct 31 07:32:12 2021

-- OProfile/operf Statistics --
Nr. non-backtrace samples: 432760
Nr. kernel samples: 371060
Nr. user space samples: 61700
Nr. samples lost due to sample address not in expected range for domain: 0
Nr. lost kernel samples: 0
Nr. samples lost due to sample file open failure: 0
Nr. samples lost due to no permanent mapping: 0
Nr. user context kernel samples lost due to no app info available: 0
Nr. user samples lost due to no app info available: 0
Nr. backtraces skipped due to no file mapping: 0
Nr. hypervisor samples dropped due to address out-of-range: 0
Nr. samples lost reported by perf_events kernel: 0

Profiling started at Sun Oct 31 07:40:59 2021
Profiling stopped at Sun Oct 31 07:41:51 2021

-- OProfile/operf Statistics --
Nr. non-backtrace samples: 230068
Nr. kernel samples: 182010
Nr. user space samples: 48058
Nr. samples lost due to sample address not in expected range for domain: 0
Nr. lost kernel samples: 0
Nr. samples lost due to sample file open failure: 0
Nr. samples lost due to no permanent mapping: 0
Nr. user context kernel samples lost due to no app info available: 0
Nr. user samples lost due to no app info available: 0
Nr. backtraces skipped due to no file mapping: 0
Nr. hypervisor samples dropped due to address out-of-range: 0
Nr. samples lost reported by perf_events kernel: 0

Profiling started at Sun Oct 31 07:50:17 2021
Profiling stopped at Sun Oct 31 07:50:30 2021

-- OProfile/operf Statistics --
Nr. non-backtrace samples: 2604
Nr. kernel samples: 2181
Nr. user space samples: 423
Nr. samples lost due to sample address not in expected range for domain: 0
Nr. lost kernel samples: 0
Nr. samples lost due to sample file open failure: 0
Nr. samples lost due to no permanent mapping: 0
Nr. user context kernel samples lost due to no app info available: 0
Nr. user samples lost due to no app info available: 0
Nr. backtraces skipped due to no file mapping: 0
Nr. hypervisor samples dropped due to address out-of-range: 0
Nr. samples lost reported by perf_events kernel: 0

Profiling started at Sun Oct 31 07:50:35 2021
Profiling stopped at Sun Oct 31 07:50:36 2021

-- OProfile/operf Statistics --
Nr. non-backtrace samples: 35685
Nr. kernel samples: 30271
Nr. user space samples: 5414
Nr. samples lost due to sample address not in expected range for domain: 0
Nr. lost kernel samples: 0
Nr. samples lost due to sample file open failure: 0
Nr. samples lost due to no permanent mapping: 0
Nr. user context kernel samples lost due to no app info available: 0
Nr. user samples lost due to no app info available: 0
Nr. backtraces skipped due to no file mapping: 0
Nr. hypervisor samples dropped due to address out-of-range: 0
Nr. samples lost reported by perf_events kernel: 0

Profiling started at Sun Oct 31 08:15:19 2021
Profiling stopped at Sun Oct 31 08:16:00 2021

-- OProfile/operf Statistics --
Nr. non-backtrace samples: 394892
Nr. kernel samples: 314081
Nr. user space samples: 80811
Nr. samples lost due to sample address not in expected range for domain: 0
Nr. lost kernel samples: 0
Nr. samples lost due to sample file open failure: 0
Nr. samples lost due to no permanent mapping: 0
Nr. user context kernel samples lost due to no app info available: 0
Nr. user samples lost due to no app info available: 0
Nr. backtraces skipped due to no file mapping: 0
Nr. hypervisor samples dropped due to address out-of-range: 0
Nr. samples lost reported by perf_events kernel: 0

Profiling started at Sun Oct 31 08:16:42 2021
Profiling stopped at Sun Oct 31 08:16:44 2021

-- OProfile/operf Statistics --
Nr. non-backtrace samples: 55670
Nr. kernel samples: 46049
Nr. user space samples: 9621
Nr. samples lost due to sample address not in expected range for domain: 0
Nr. lost kernel samples: 0
Nr. samples lost due to sample file open failure: 0
Nr. samples lost due to no permanent mapping: 0
Nr. user context kernel samples lost due to no app info available: 0
Nr. user samples lost due to no app info available: 0
Nr. backtraces skipped due to no file mapping: 0
Nr. hypervisor samples dropped due to address out-of-range: 0
Nr. samples lost reported by perf_events kernel: 0

Profiling started at Sun Oct 31 08:17:00 2021
Profiling stopped at Sun Oct 31 08:17:38 2021

-- OProfile/operf Statistics --
Nr. non-backtrace samples: 2285
Nr. kernel samples: 1865
Nr. user space samples: 420
Nr. samples lost due to sample address not in expected range for domain: 0
Nr. lost kernel samples: 0
Nr. samples lost due to sample file open failure: 0
Nr. samples lost due to no permanent mapping: 0
Nr. user context kernel samples lost due to no app info available: 0
Nr. user samples lost due to no app info available: 0
Nr. backtraces skipped due to no file mapping: 0
Nr. hypervisor samples dropped due to address out-of-range: 0
Nr. samples lost reported by perf_events kernel: 0
